[  0%] Built target rosgraph_msgs_generate_messages_eus
[  0%] Built target std_msgs_generate_messages_lisp
[  0%] Built target rosgraph_msgs_generate_messages_py
[  0%] Built target roscpp_generate_messages_eus
[  0%] Built target roscpp_generate_messages_lisp
[  0%] Built target rosgraph_msgs_generate_messages_lisp
[  0%] Built target std_msgs_generate_messages_eus
[  0%] Built target geometry_msgs_generate_messages_nodejs
[  0%] Built target rosgraph_msgs_generate_messages_cpp
[  0%] Built target std_msgs_generate_messages_nodejs
[  0%] Built target roscpp_generate_messages_cpp
[  0%] Built target sensor_msgs_generate_messages_nodejs
[  0%] Built target geometry_msgs_generate_messages_lisp
[  0%] Built target geometry_msgs_generate_messages_py
[  0%] Built target rosgraph_msgs_generate_messages_nodejs
[  0%] Built target sensor_msgs_generate_messages_cpp
[  0%] Built target std_msgs_generate_messages_cpp
[  0%] Built target sensor_msgs_generate_messages_eus
[  0%] Built target std_msgs_generate_messages_py
[  0%] Built target sensor_msgs_generate_messages_lisp
[  0%] Built target sensor_msgs_generate_messages_py
[  0%] Built target roscpp_generate_messages_nodejs
[  0%] Built target geometry_msgs_generate_messages_eus
[  0%] Built target roscpp_generate_messages_py
[  0%] Built target geometry_msgs_generate_messages_cpp
[ 10%] Built target mavros1
[ 20%] Built target node0
[ 30%] Built target controller
[ 40%] Built target cv_node
[ 50%] Built target cv_node2
[35m[1mScanning dependencies of target image_converter3[0m
[ 60%] Built target test_control
[ 70%] Built target cv_node3
[ 85%] Built target image_aruco_test
[ 85%] [32mBuilding CXX object CMakeFiles/image_converter3.dir/src/image_converter3.cpp.o[0m
[ 95%] Built target velocity_test
[100%] [32m[1mLinking CXX executable /home/joaquin/catkin_ws/devel/.private/second/lib/second/image_converter3[0m
[100%] Built target image_converter3
