[01m[K/home/joaquin/catkin_ws/src/second/src/image_converter.cpp:20:83:[m[K [01;31m[Kerror: [m[Kexpected ‘[01m[K,[m[K’ or ‘[01m[K...[m[K’ before ‘[01m[K&[m[K’ token
   void imageCb(const sensor_msgs::ImageConstPtr& msg, const ros::Publisher pub_ref&) {
[01;32m[K                                                                                   ^[m[K
[01m[K/home/joaquin/catkin_ws/src/second/src/image_converter.cpp:[m[K In function ‘[01m[Kint main(int, char**)[m[K’:
[01m[K/home/joaquin/catkin_ws/src/second/src/image_converter.cpp:64:3:[m[K [01;31m[Kerror: [m[K‘[01m[Kpub_ptr[m[K’ was not declared in this scope
   pub_ptr = &t_pub;
[01;32m[K   ^[m[K
[01m[K/home/joaquin/catkin_ws/src/second/src/image_converter.cpp:67:8:[m[K [01;31m[Kerror: [m[K‘[01m[KImageConverter[m[K’ has not been declared
       &ImageConverter::imageCb, this);
[01;32m[K        ^[m[K
[01m[K/home/joaquin/catkin_ws/src/second/src/image_converter.cpp:67:33:[m[K [01;31m[Kerror: [m[Kinvalid use of ‘[01m[Kthis[m[K’ in non-member function
       &ImageConverter::imageCb, this);
[01;32m[K                                 ^[m[K
[01m[K/home/joaquin/catkin_ws/src/second/src/image_converter.cpp:69:18:[m[K [01;31m[Kerror: [m[Kredeclaration of ‘[01m[Kros::Publisher t_pub[m[K’
   ros::Publisher t_pub = n.advertise<std_msgs::Float32MultiArray>("array", 100);
[01;32m[K                  ^[m[K
[01m[K/home/joaquin/catkin_ws/src/second/src/image_converter.cpp:63:18:[m[K [01;36m[Knote: [m[K‘[01m[Kros::Publisher t_pub[m[K’ previously declared here
   ros::Publisher t_pub = n.advertise<std_msgs::Float32MultiArray>("array", 100);
[01;32m[K                  ^[m[K
[01m[K/home/joaquin/catkin_ws/src/second/src/image_converter.cpp:70:3:[m[K [01;31m[Kerror: [m[K‘[01m[KImageConverter[m[K’ was not declared in this scope
   ImageConverter ic(n);
[01;32m[K   ^[m[K
make[2]: *** [CMakeFiles/image_converter.dir/src/image_converter.cpp.o] Error 1
make[1]: *** [CMakeFiles/image_converter.dir/all] Error 2
make: *** [all] Error 2
