[01m[K/home/joaquin/catkin_ws/src/second/src/node0.cpp:[m[K In function ‘[01m[Kvoid ar_callback(const ConstPtr&)[m[K’:
[01m[K/home/joaquin/catkin_ws/src/second/src/node0.cpp:38:22:[m[K [01;31m[Kerror: [m[K‘[01m[Kgeometry_msgs::TwistStamped {aka struct geometry_msgs::TwistStamped_<std::allocator<void> >}[m[K’ has no member named ‘[01m[Kpose[m[K’
             attitude.pose.orientation.y = -.1;
[01;32m[K                      ^[m[K
[01m[K/home/joaquin/catkin_ws/src/second/src/node0.cpp:41:22:[m[K [01;31m[Kerror: [m[K‘[01m[Kgeometry_msgs::TwistStamped {aka struct geometry_msgs::TwistStamped_<std::allocator<void> >}[m[K’ has no member named ‘[01m[Kpose[m[K’
             attitude.pose.orientation.y = .1;
[01;32m[K                      ^[m[K
[01m[K/home/joaquin/catkin_ws/src/second/src/node0.cpp:45:22:[m[K [01;31m[Kerror: [m[K‘[01m[Kgeometry_msgs::TwistStamped {aka struct geometry_msgs::TwistStamped_<std::allocator<void> >}[m[K’ has no member named ‘[01m[Kpose[m[K’
             attitude.pose.orientation.x = -.1;
[01;32m[K                      ^[m[K
[01m[K/home/joaquin/catkin_ws/src/second/src/node0.cpp:49:22:[m[K [01;31m[Kerror: [m[K‘[01m[Kgeometry_msgs::TwistStamped {aka struct geometry_msgs::TwistStamped_<std::allocator<void> >}[m[K’ has no member named ‘[01m[Kpose[m[K’
             attitude.pose.orientation.x = .1;
[01;32m[K                      ^[m[K
[01m[K/home/joaquin/catkin_ws/src/second/src/node0.cpp:[m[K In function ‘[01m[Kint main(int, char**)[m[K’:
[01m[K/home/joaquin/catkin_ws/src/second/src/node0.cpp:77:20:[m[K [01;31m[Kerror: [m[Kredeclaration of ‘[01m[Kros::Publisher att_pub[m[K’
     ros::Publisher att_pub = nh.advertise<geometry_msgs::PoseStamped>;
[01;32m[K                    ^[m[K
[01m[K/home/joaquin/catkin_ws/src/second/src/node0.cpp:72:20:[m[K [01;36m[Knote: [m[K‘[01m[Kros::Publisher att_pub[m[K’ previously declared here
     ros::Publisher att_pub = nh.advertise<mavros_msgs::AttitudeTarget>("mavros/setpoint_raw/attitude", 10);  // Publisher to change pitch, roll, and yaw.
[01;32m[K                    ^[m[K
[01m[K/home/joaquin/catkin_ws/src/second/src/node0.cpp:153:22:[m[K [01;31m[Kerror: [m[K‘[01m[Kgeometry_msgs::TwistStamped {aka struct geometry_msgs::TwistStamped_<std::allocator<void> >}[m[K’ has no member named ‘[01m[Kpose[m[K’
             attitude.pose.orientation.x = 0;
[01;32m[K                      ^[m[K
[01m[K/home/joaquin/catkin_ws/src/second/src/node0.cpp:154:22:[m[K [01;31m[Kerror: [m[K‘[01m[Kgeometry_msgs::TwistStamped {aka struct geometry_msgs::TwistStamped_<std::allocator<void> >}[m[K’ has no member named ‘[01m[Kpose[m[K’
             attitude.pose.orientation.y = 0;
[01;32m[K                      ^[m[K
make[2]: *** [CMakeFiles/node0.dir/src/node0.cpp.o] Error 1
make[1]: *** [CMakeFiles/node0.dir/all] Error 2
make: *** [all] Error 2
