CMakeFiles/node0.dir/src/node0.cpp.o: In function `main':
node0.cpp:(.text+0x9e): undefined reference to `ros::init(int&, char**, std::__cxx11::basic_string<char, std::char_traits<char>, std::allocator<char> > const&, unsigned int)'
node0.cpp:(.text+0xfa): undefined reference to `ros::NodeHandle::NodeHandle(std::__cxx11::basic_string<char, std::char_traits<char>, std::allocator<char> > const&, std::map<std::__cxx11::basic_string<char, std::char_traits<char>, std::allocator<char> >, std::__cxx11::basic_string<char, std::char_traits<char>, std::allocator<char> >, std::less<std::__cxx11::basic_string<char, std::char_traits<char>, std::allocator<char> > >, std::allocator<std::pair<std::__cxx11::basic_string<char, std::char_traits<char>, std::allocator<char> > const, std::__cxx11::basic_string<char, std::char_traits<char>, std::allocator<char> > > > > const&)'
node0.cpp:(.text+0x383): undefined reference to `ros::Rate::Rate(double)'
node0.cpp:(.text+0x388): undefined reference to `ros::ok()'
node0.cpp:(.text+0x3ac): undefined reference to `ros::spinOnce()'
node0.cpp:(.text+0x3bb): undefined reference to `ros::Rate::sleep()'
node0.cpp:(.text+0x403): undefined reference to `ros::ok()'
node0.cpp:(.text+0x43e): undefined reference to `ros::spinOnce()'
node0.cpp:(.text+0x44d): undefined reference to `ros::Rate::sleep()'
node0.cpp:(.text+0x4a2): undefined reference to `ros::Time::now()'
node0.cpp:(.text+0x4a7): undefined reference to `ros::ok()'
node0.cpp:(.text+0x513): undefined reference to `ros::Time::now()'
node0.cpp:(.text+0x539): undefined reference to `ros::TimeBase<ros::Time, ros::Duration>::operator-(ros::Time const&) const'
node0.cpp:(.text+0x558): undefined reference to `ros::DurationBase<ros::Duration>::operator>(ros::Duration const&) const'
node0.cpp:(.text+0x5f2): undefined reference to `ros::console::g_initialized'
node0.cpp:(.text+0x602): undefined reference to `ros::console::initialize()'
node0.cpp:(.text+0x657): undefined reference to `ros::console::initializeLogLocation(ros::console::LogLocation*, std::__cxx11::basic_string<char, std::char_traits<char>, std::allocator<char> > const&, ros::console::levels::Level)'
node0.cpp:(.text+0x698): undefined reference to `ros::console::setLogLocationLevel(ros::console::LogLocation*, ros::console::levels::Level)'
node0.cpp:(.text+0x6a2): undefined reference to `ros::console::checkLogLocationEnabled(ros::console::LogLocation*)'
node0.cpp:(.text+0x6f4): undefined reference to `ros::console::print(ros::console::FilterBase*, void*, ros::console::levels::Level, char const*, int, char const*, char const*, ...)'
node0.cpp:(.text+0x707): undefined reference to `ros::Time::now()'
node0.cpp:(.text+0x785): undefined reference to `ros::Time::now()'
node0.cpp:(.text+0x7ab): undefined reference to `ros::TimeBase<ros::Time, ros::Duration>::operator-(ros::Time const&) const'
node0.cpp:(.text+0x7ca): undefined reference to `ros::DurationBase<ros::Duration>::operator>(ros::Duration const&) const'
node0.cpp:(.text+0x864): undefined reference to `ros::console::g_initialized'
node0.cpp:(.text+0x874): undefined reference to `ros::console::initialize()'
node0.cpp:(.text+0x8c9): undefined reference to `ros::console::initializeLogLocation(ros::console::LogLocation*, std::__cxx11::basic_string<char, std::char_traits<char>, std::allocator<char> > const&, ros::console::levels::Level)'
node0.cpp:(.text+0x90a): undefined reference to `ros::console::setLogLocationLevel(ros::console::LogLocation*, ros::console::levels::Level)'
node0.cpp:(.text+0x914): undefined reference to `ros::console::checkLogLocationEnabled(ros::console::LogLocation*)'
node0.cpp:(.text+0x966): undefined reference to `ros::console::print(ros::console::FilterBase*, void*, ros::console::levels::Level, char const*, int, char const*, char const*, ...)'
node0.cpp:(.text+0x979): undefined reference to `ros::Time::now()'
node0.cpp:(.text+0x9b4): undefined reference to `ros::spinOnce()'
node0.cpp:(.text+0x9c3): undefined reference to `ros::Rate::sleep()'
node0.cpp:(.text+0xa18): undefined reference to `ros::ServiceClient::~ServiceClient()'
node0.cpp:(.text+0xa27): undefined reference to `ros::ServiceClient::~ServiceClient()'
node0.cpp:(.text+0xa36): undefined reference to `ros::Publisher::~Publisher()'
node0.cpp:(.text+0xa45): undefined reference to `ros::Subscriber::~Subscriber()'
node0.cpp:(.text+0xa54): undefined reference to `ros::NodeHandle::~NodeHandle()'
node0.cpp:(.text+0xac5): undefined reference to `ros::NodeHandle::~NodeHandle()'
node0.cpp:(.text+0xaf6): undefined reference to `ros::NodeHandle::~NodeHandle()'
node0.cpp:(.text+0xb27): undefined reference to `ros::Subscriber::~Subscriber()'
node0.cpp:(.text+0xb61): undefined reference to `ros::Subscriber::~Subscriber()'
node0.cpp:(.text+0xb8c): undefined reference to `ros::Publisher::~Publisher()'
node0.cpp:(.text+0xbcb): undefined reference to `ros::ServiceClient::~ServiceClient()'
node0.cpp:(.text+0xc05): undefined reference to `ros::ServiceClient::~ServiceClient()'
node0.cpp:(.text+0xc30): undefined reference to `ros::ServiceClient::~ServiceClient()'
node0.cpp:(.text+0xc6a): undefined reference to `ros::ServiceClient::~ServiceClient()'
node0.cpp:(.text+0xdbe): undefined reference to `ros::ServiceClient::~ServiceClient()'
CMakeFiles/node0.dir/src/node0.cpp.o:node0.cpp:(.text+0xdd2): more undefined references to `ros::ServiceClient::~ServiceClient()' follow
CMakeFiles/node0.dir/src/node0.cpp.o: In function `main':
node0.cpp:(.text+0xde6): undefined reference to `ros::Publisher::~Publisher()'
node0.cpp:(.text+0xdfa): undefined reference to `ros::Subscriber::~Subscriber()'
node0.cpp:(.text+0xe0e): undefined reference to `ros::NodeHandle::~NodeHandle()'
CMakeFiles/node0.dir/src/node0.cpp.o: In function `ros::Duration::Duration(double)':
node0.cpp:(.text._ZN3ros8DurationC2Ed[_ZN3ros8DurationC5Ed]+0x33): undefined reference to `ros::DurationBase<ros::Duration>::fromSec(double)'
CMakeFiles/node0.dir/src/node0.cpp.o: In function `ros::ServiceClient::deserializeFailed(std::exception const&)':
node0.cpp:(.text._ZN3ros13ServiceClient17deserializeFailedERKSt9exception[_ZN3ros13ServiceClient17deserializeFailedERKSt9exception]+0x23): undefined reference to `ros::console::g_initialized'
node0.cpp:(.text._ZN3ros13ServiceClient17deserializeFailedERKSt9exception[_ZN3ros13ServiceClient17deserializeFailedERKSt9exception]+0x33): undefined reference to `ros::console::initialize()'
node0.cpp:(.text._ZN3ros13ServiceClient17deserializeFailedERKSt9exception[_ZN3ros13ServiceClient17deserializeFailedERKSt9exception]+0x7c): undefined reference to `ros::console::initializeLogLocation(ros::console::LogLocation*, std::__cxx11::basic_string<char, std::char_traits<char>, std::allocator<char> > const&, ros::console::levels::Level)'
node0.cpp:(.text._ZN3ros13ServiceClient17deserializeFailedERKSt9exception[_ZN3ros13ServiceClient17deserializeFailedERKSt9exception]+0xb7): undefined reference to `ros::console::setLogLocationLevel(ros::console::LogLocation*, ros::console::levels::Level)'
node0.cpp:(.text._ZN3ros13ServiceClient17deserializeFailedERKSt9exception[_ZN3ros13ServiceClient17deserializeFailedERKSt9exception]+0xc1): undefined reference to `ros::console::checkLogLocationEnabled(ros::console::LogLocation*)'
node0.cpp:(.text._ZN3ros13ServiceClient17deserializeFailedERKSt9exception[_ZN3ros13ServiceClient17deserializeFailedERKSt9exception]+0x128): undefined reference to `ros::console::print(ros::console::FilterBase*, void*, ros::console::levels::Level, char const*, int, char const*, char const*, ...)'
CMakeFiles/node0.dir/src/node0.cpp.o: In function `ros::Subscriber ros::NodeHandle::subscribe<mavros_msgs::State_<std::allocator<void> > >(std::__cxx11::basic_string<char, std::char_traits<char>, std::allocator<char> > const&, unsigned int, void (*)(boost::shared_ptr<mavros_msgs::State_<std::allocator<void> > const> const&), ros::TransportHints const&)':
node0.cpp:(.text._ZN3ros10NodeHandle9subscribeIN11mavros_msgs6State_ISaIvEEEEENS_10SubscriberERKNSt7__cxx1112basic_stringIcSt11char_traitsIcESaIcEEEjPFvRKN5boost10shared_ptrIKT_EEERKNS_14TransportHintsE[_ZN3ros10NodeHandle9subscribeIN11mavros_msgs6State_ISaIvEEEEENS_10SubscriberERKNSt7__cxx1112basic_stringIcSt11char_traitsIcESaIcEEEjPFvRKN5boost10shared_ptrIKT_EEERKNS_14TransportHintsE]+0x115): undefined reference to `ros::NodeHandle::subscribe(ros::SubscribeOptions&)'
CMakeFiles/node0.dir/src/node0.cpp.o: In function `ros::Publisher ros::NodeHandle::advertise<geometry_msgs::PoseStamped_<std::allocator<void> > >(std::__cxx11::basic_string<char, std::char_traits<char>, std::allocator<char> > const&, unsigned int, bool)':
node0.cpp:(.text._ZN3ros10NodeHandle9advertiseIN13geometry_msgs12PoseStamped_ISaIvEEEEENS_9PublisherERKNSt7__cxx1112basic_stringIcSt11char_traitsIcESaIcEEEjb[_ZN3ros10NodeHandle9advertiseIN13geometry_msgs12PoseStamped_ISaIvEEEEENS_9PublisherERKNSt7__cxx1112basic_stringIcSt11char_traitsIcESaIcEEEjb]+0xdd): undefined reference to `ros::NodeHandle::advertise(ros::AdvertiseOptions&)'
CMakeFiles/node0.dir/src/node0.cpp.o: In function `ros::ServiceClient ros::NodeHandle::serviceClient<mavros_msgs::CommandBool>(std::__cxx11::basic_string<char, std::char_traits<char>, std::allocator<char> > const&, bool, std::map<std::__cxx11::basic_string<char, std::char_traits<char>, std::allocator<char> >, std::__cxx11::basic_string<char, std::char_traits<char>, std::allocator<char> >, std::less<std::__cxx11::basic_string<char, std::char_traits<char>, std::allocator<char> > >, std::allocator<std::pair<std::__cxx11::basic_string<char, std::char_traits<char>, std::allocator<char> > const, std::__cxx11::basic_string<char, std::char_traits<char>, std::allocator<char> > > > > const&)':
node0.cpp:(.text._ZN3ros10NodeHandle13serviceClientIN11mavros_msgs11CommandBoolEEENS_13ServiceClientERKNSt7__cxx1112basic_stringIcSt11char_traitsIcESaIcEEEbRKSt3mapISA_SA_St4lessISA_ESaISt4pairISB_SA_EEE[_ZN3ros10NodeHandle13serviceClientIN11mavros_msgs11CommandBoolEEENS_13ServiceClientERKNSt7__cxx1112basic_stringIcSt11char_traitsIcESaIcEEEbRKSt3mapISA_SA_St4lessISA_ESaISt4pairISB_SA_EEE]+0x8e): undefined reference to `ros::NodeHandle::serviceClient(ros::ServiceClientOptions&)'
CMakeFiles/node0.dir/src/node0.cpp.o: In function `ros::ServiceClient ros::NodeHandle::serviceClient<mavros_msgs::SetMode>(std::__cxx11::basic_string<char, std::char_traits<char>, std::allocator<char> > const&, bool, std::map<std::__cxx11::basic_string<char, std::char_traits<char>, std::allocator<char> >, std::__cxx11::basic_string<char, std::char_traits<char>, std::allocator<char> >, std::less<std::__cxx11::basic_string<char, std::char_traits<char>, std::allocator<char> > >, std::allocator<std::pair<std::__cxx11::basic_string<char, std::char_traits<char>, std::allocator<char> > const, std::__cxx11::basic_string<char, std::char_traits<char>, std::allocator<char> > > > > const&)':
node0.cpp:(.text._ZN3ros10NodeHandle13serviceClientIN11mavros_msgs7SetModeEEENS_13ServiceClientERKNSt7__cxx1112basic_stringIcSt11char_traitsIcESaIcEEEbRKSt3mapISA_SA_St4lessISA_ESaISt4pairISB_SA_EEE[_ZN3ros10NodeHandle13serviceClientIN11mavros_msgs7SetModeEEENS_13ServiceClientERKNSt7__cxx1112basic_stringIcSt11char_traitsIcESaIcEEEbRKSt3mapISA_SA_St4lessISA_ESaISt4pairISB_SA_EEE]+0x8e): undefined reference to `ros::NodeHandle::serviceClient(ros::ServiceClientOptions&)'
CMakeFiles/node0.dir/src/node0.cpp.o: In function `void ros::Publisher::publish<geometry_msgs::PoseStamped_<std::allocator<void> > >(geometry_msgs::PoseStamped_<std::allocator<void> > const&) const':
node0.cpp:(.text._ZNK3ros9Publisher7publishIN13geometry_msgs12PoseStamped_ISaIvEEEEEvRKT_[_ZNK3ros9Publisher7publishIN13geometry_msgs12PoseStamped_ISaIvEEEEEvRKT_]+0x47): undefined reference to `ros::console::g_initialized'
node0.cpp:(.text._ZNK3ros9Publisher7publishIN13geometry_msgs12PoseStamped_ISaIvEEEEEvRKT_[_ZNK3ros9Publisher7publishIN13geometry_msgs12PoseStamped_ISaIvEEEEEvRKT_]+0x57): undefined reference to `ros::console::initialize()'
node0.cpp:(.text._ZNK3ros9Publisher7publishIN13geometry_msgs12PoseStamped_ISaIvEEEEEvRKT_[_ZNK3ros9Publisher7publishIN13geometry_msgs12PoseStamped_ISaIvEEEEEvRKT_]+0xa6): undefined reference to `ros::console::initializeLogLocation(ros::console::LogLocation*, std::__cxx11::basic_string<char, std::char_traits<char>, std::allocator<char> > const&, ros::console::levels::Level)'
node0.cpp:(.text._ZNK3ros9Publisher7publishIN13geometry_msgs12PoseStamped_ISaIvEEEEEvRKT_[_ZNK3ros9Publisher7publishIN13geometry_msgs12PoseStamped_ISaIvEEEEEvRKT_]+0xe4): undefined reference to `ros::console::setLogLocationLevel(ros::console::LogLocation*, ros::console::levels::Level)'
node0.cpp:(.text._ZNK3ros9Publisher7publishIN13geometry_msgs12PoseStamped_ISaIvEEEEEvRKT_[_ZNK3ros9Publisher7publishIN13geometry_msgs12PoseStamped_ISaIvEEEEEvRKT_]+0xee): undefined reference to `ros::console::checkLogLocationEnabled(ros::console::LogLocation*)'
node0.cpp:(.text._ZNK3ros9Publisher7publishIN13geometry_msgs12PoseStamped_ISaIvEEEEEvRKT_[_ZNK3ros9Publisher7publishIN13geometry_msgs12PoseStamped_ISaIvEEEEEvRKT_]+0x148): undefined reference to `ros::console::print(ros::console::FilterBase*, void*, ros::console::levels::Level, char const*, int, char const*, char const*, ...)'
node0.cpp:(.text._ZNK3ros9Publisher7publishIN13geometry_msgs12PoseStamped_ISaIvEEEEEvRKT_[_ZNK3ros9Publisher7publishIN13geometry_msgs12PoseStamped_ISaIvEEEEEvRKT_]+0x153): undefined reference to `ros::console::g_initialized'
node0.cpp:(.text._ZNK3ros9Publisher7publishIN13geometry_msgs12PoseStamped_ISaIvEEEEEvRKT_[_ZNK3ros9Publisher7publishIN13geometry_msgs12PoseStamped_ISaIvEEEEEvRKT_]+0x163): undefined reference to `ros::console::initialize()'
node0.cpp:(.text._ZNK3ros9Publisher7publishIN13geometry_msgs12PoseStamped_ISaIvEEEEEvRKT_[_ZNK3ros9Publisher7publishIN13geometry_msgs12PoseStamped_ISaIvEEEEEvRKT_]+0x1b2): undefined reference to `ros::console::initializeLogLocation(ros::console::LogLocation*, std::__cxx11::basic_string<char, std::char_traits<char>, std::allocator<char> > const&, ros::console::levels::Level)'
node0.cpp:(.text._ZNK3ros9Publisher7publishIN13geometry_msgs12PoseStamped_ISaIvEEEEEvRKT_[_ZNK3ros9Publisher7publishIN13geometry_msgs12PoseStamped_ISaIvEEEEEvRKT_]+0x1f0): undefined reference to `ros::console::setLogLocationLevel(ros::console::LogLocation*, ros::console::levels::Level)'
node0.cpp:(.text._ZNK3ros9Publisher7publishIN13geometry_msgs12PoseStamped_ISaIvEEEEEvRKT_[_ZNK3ros9Publisher7publishIN13geometry_msgs12PoseStamped_ISaIvEEEEEvRKT_]+0x1fa): undefined reference to `ros::console::checkLogLocationEnabled(ros::console::LogLocation*)'
node0.cpp:(.text._ZNK3ros9Publisher7publishIN13geometry_msgs12PoseStamped_ISaIvEEEEEvRKT_[_ZNK3ros9Publisher7publishIN13geometry_msgs12PoseStamped_ISaIvEEEEEvRKT_]+0x24c): undefined reference to `ros::console::print(ros::console::FilterBase*, void*, ros::console::levels::Level, char const*, int, char const*, char const*, ...)'
node0.cpp:(.text._ZNK3ros9Publisher7publishIN13geometry_msgs12PoseStamped_ISaIvEEEEEvRKT_[_ZNK3ros9Publisher7publishIN13geometry_msgs12PoseStamped_ISaIvEEEEEvRKT_]+0x257): undefined reference to `ros::console::g_initialized'
node0.cpp:(.text._ZNK3ros9Publisher7publishIN13geometry_msgs12PoseStamped_ISaIvEEEEEvRKT_[_ZNK3ros9Publisher7publishIN13geometry_msgs12PoseStamped_ISaIvEEEEEvRKT_]+0x267): undefined reference to `ros::console::initialize()'
node0.cpp:(.text._ZNK3ros9Publisher7publishIN13geometry_msgs12PoseStamped_ISaIvEEEEEvRKT_[_ZNK3ros9Publisher7publishIN13geometry_msgs12PoseStamped_ISaIvEEEEEvRKT_]+0x2b6): undefined reference to `ros::console::initializeLogLocation(ros::console::LogLocation*, std::__cxx11::basic_string<char, std::char_traits<char>, std::allocator<char> > const&, ros::console::levels::Level)'
node0.cpp:(.text._ZNK3ros9Publisher7publishIN13geometry_msgs12PoseStamped_ISaIvEEEEEvRKT_[_ZNK3ros9Publisher7publishIN13geometry_msgs12PoseStamped_ISaIvEEEEEvRKT_]+0x2f4): undefined reference to `ros::console::setLogLocationLevel(ros::console::LogLocation*, ros::console::levels::Level)'
node0.cpp:(.text._ZNK3ros9Publisher7publishIN13geometry_msgs12PoseStamped_ISaIvEEEEEvRKT_[_ZNK3ros9Publisher7publishIN13geometry_msgs12PoseStamped_ISaIvEEEEEvRKT_]+0x2fe): undefined reference to `ros::console::checkLogLocationEnabled(ros::console::LogLocation*)'
node0.cpp:(.text._ZNK3ros9Publisher7publishIN13geometry_msgs12PoseStamped_ISaIvEEEEEvRKT_[_ZNK3ros9Publisher7publishIN13geometry_msgs12PoseStamped_ISaIvEEEEEvRKT_]+0x350): undefined reference to `ros::console::print(ros::console::FilterBase*, void*, ros::console::levels::Level, char const*, int, char const*, char const*, ...)'
node0.cpp:(.text._ZNK3ros9Publisher7publishIN13geometry_msgs12PoseStamped_ISaIvEEEEEvRKT_[_ZNK3ros9Publisher7publishIN13geometry_msgs12PoseStamped_ISaIvEEEEEvRKT_]+0x371): undefined reference to `ros::Publisher::Impl::isValid() const'
node0.cpp:(.text._ZNK3ros9Publisher7publishIN13geometry_msgs12PoseStamped_ISaIvEEEEEvRKT_[_ZNK3ros9Publisher7publishIN13geometry_msgs12PoseStamped_ISaIvEEEEEvRKT_]+0x383): undefined reference to `ros::console::g_initialized'
node0.cpp:(.text._ZNK3ros9Publisher7publishIN13geometry_msgs12PoseStamped_ISaIvEEEEEvRKT_[_ZNK3ros9Publisher7publishIN13geometry_msgs12PoseStamped_ISaIvEEEEEvRKT_]+0x393): undefined reference to `ros::console::initialize()'
node0.cpp:(.text._ZNK3ros9Publisher7publishIN13geometry_msgs12PoseStamped_ISaIvEEEEEvRKT_[_ZNK3ros9Publisher7publishIN13geometry_msgs12PoseStamped_ISaIvEEEEEvRKT_]+0x3e2): undefined reference to `ros::console::initializeLogLocation(ros::console::LogLocation*, std::__cxx11::basic_string<char, std::char_traits<char>, std::allocator<char> > const&, ros::console::levels::Level)'
node0.cpp:(.text._ZNK3ros9Publisher7publishIN13geometry_msgs12PoseStamped_ISaIvEEEEEvRKT_[_ZNK3ros9Publisher7publishIN13geometry_msgs12PoseStamped_ISaIvEEEEEvRKT_]+0x420): undefined reference to `ros::console::setLogLocationLevel(ros::console::LogLocation*, ros::console::levels::Level)'
node0.cpp:(.text._ZNK3ros9Publisher7publishIN13geometry_msgs12PoseStamped_ISaIvEEEEEvRKT_[_ZNK3ros9Publisher7publishIN13geometry_msgs12PoseStamped_ISaIvEEEEEvRKT_]+0x42a): undefined reference to `ros::console::checkLogLocationEnabled(ros::console::LogLocation*)'
node0.cpp:(.text._ZNK3ros9Publisher7publishIN13geometry_msgs12PoseStamped_ISaIvEEEEEvRKT_[_ZNK3ros9Publisher7publishIN13geometry_msgs12PoseStamped_ISaIvEEEEEvRKT_]+0x484): undefined reference to `ros::console::print(ros::console::FilterBase*, void*, ros::console::levels::Level, char const*, int, char const*, char const*, ...)'
node0.cpp:(.text._ZNK3ros9Publisher7publishIN13geometry_msgs12PoseStamped_ISaIvEEEEEvRKT_[_ZNK3ros9Publisher7publishIN13geometry_msgs12PoseStamped_ISaIvEEEEEvRKT_]+0x48f): undefined reference to `ros::console::g_initialized'
node0.cpp:(.text._ZNK3ros9Publisher7publishIN13geometry_msgs12PoseStamped_ISaIvEEEEEvRKT_[_ZNK3ros9Publisher7publishIN13geometry_msgs12PoseStamped_ISaIvEEEEEvRKT_]+0x49f): undefined reference to `ros::console::initialize()'
node0.cpp:(.text._ZNK3ros9Publisher7publishIN13geometry_msgs12PoseStamped_ISaIvEEEEEvRKT_[_ZNK3ros9Publisher7publishIN13geometry_msgs12PoseStamped_ISaIvEEEEEvRKT_]+0x4ee): undefined reference to `ros::console::initializeLogLocation(ros::console::LogLocation*, std::__cxx11::basic_string<char, std::char_traits<char>, std::allocator<char> > const&, ros::console::levels::Level)'
node0.cpp:(.text._ZNK3ros9Publisher7publishIN13geometry_msgs12PoseStamped_ISaIvEEEEEvRKT_[_ZNK3ros9Publisher7publishIN13geometry_msgs12PoseStamped_ISaIvEEEEEvRKT_]+0x52c): undefined reference to `ros::console::setLogLocationLevel(ros::console::LogLocation*, ros::console::levels::Level)'
node0.cpp:(.text._ZNK3ros9Publisher7publishIN13geometry_msgs12PoseStamped_ISaIvEEEEEvRKT_[_ZNK3ros9Publisher7publishIN13geometry_msgs12PoseStamped_ISaIvEEEEEvRKT_]+0x536): undefined reference to `ros::console::checkLogLocationEnabled(ros::console::LogLocation*)'
node0.cpp:(.text._ZNK3ros9Publisher7publishIN13geometry_msgs12PoseStamped_ISaIvEEEEEvRKT_[_ZNK3ros9Publisher7publishIN13geometry_msgs12PoseStamped_ISaIvEEEEEvRKT_]+0x59f): undefined reference to `ros::console::print(ros::console::FilterBase*, void*, ros::console::levels::Level, char const*, int, char const*, char const*, ...)'
node0.cpp:(.text._ZNK3ros9Publisher7publishIN13geometry_msgs12PoseStamped_ISaIvEEEEEvRKT_[_ZNK3ros9Publisher7publishIN13geometry_msgs12PoseStamped_ISaIvEEEEEvRKT_]+0x5aa): undefined reference to `ros::console::g_initialized'
node0.cpp:(.text._ZNK3ros9Publisher7publishIN13geometry_msgs12PoseStamped_ISaIvEEEEEvRKT_[_ZNK3ros9Publisher7publishIN13geometry_msgs12PoseStamped_ISaIvEEEEEvRKT_]+0x5ba): undefined reference to `ros::console::initialize()'
node0.cpp:(.text._ZNK3ros9Publisher7publishIN13geometry_msgs12PoseStamped_ISaIvEEEEEvRKT_[_ZNK3ros9Publisher7publishIN13geometry_msgs12PoseStamped_ISaIvEEEEEvRKT_]+0x609): undefined reference to `ros::console::initializeLogLocation(ros::console::LogLocation*, std::__cxx11::basic_string<char, std::char_traits<char>, std::allocator<char> > const&, ros::console::levels::Level)'
node0.cpp:(.text._ZNK3ros9Publisher7publishIN13geometry_msgs12PoseStamped_ISaIvEEEEEvRKT_[_ZNK3ros9Publisher7publishIN13geometry_msgs12PoseStamped_ISaIvEEEEEvRKT_]+0x647): undefined reference to `ros::console::setLogLocationLevel(ros::console::LogLocation*, ros::console::levels::Level)'
node0.cpp:(.text._ZNK3ros9Publisher7publishIN13geometry_msgs12PoseStamped_ISaIvEEEEEvRKT_[_ZNK3ros9Publisher7publishIN13geometry_msgs12PoseStamped_ISaIvEEEEEvRKT_]+0x651): undefined reference to `ros::console::checkLogLocationEnabled(ros::console::LogLocation*)'
node0.cpp:(.text._ZNK3ros9Publisher7publishIN13geometry_msgs12PoseStamped_ISaIvEEEEEvRKT_[_ZNK3ros9Publisher7publishIN13geometry_msgs12PoseStamped_ISaIvEEEEEvRKT_]+0x6a3): undefined reference to `ros::console::print(ros::console::FilterBase*, void*, ros::console::levels::Level, char const*, int, char const*, char const*, ...)'
node0.cpp:(.text._ZNK3ros9Publisher7publishIN13geometry_msgs12PoseStamped_ISaIvEEEEEvRKT_[_ZNK3ros9Publisher7publishIN13geometry_msgs12PoseStamped_ISaIvEEEEEvRKT_]+0x7b7): undefined reference to `ros::console::g_initialized'
node0.cpp:(.text._ZNK3ros9Publisher7publishIN13geometry_msgs12PoseStamped_ISaIvEEEEEvRKT_[_ZNK3ros9Publisher7publishIN13geometry_msgs12PoseStamped_ISaIvEEEEEvRKT_]+0x7c7): undefined reference to `ros::console::initialize()'
node0.cpp:(.text._ZNK3ros9Publisher7publishIN13geometry_msgs12PoseStamped_ISaIvEEEEEvRKT_[_ZNK3ros9Publisher7publishIN13geometry_msgs12PoseStamped_ISaIvEEEEEvRKT_]+0x816): undefined reference to `ros::console::initializeLogLocation(ros::console::LogLocation*, std::__cxx11::basic_string<char, std::char_traits<char>, std::allocator<char> > const&, ros::console::levels::Level)'
node0.cpp:(.text._ZNK3ros9Publisher7publishIN13geometry_msgs12PoseStamped_ISaIvEEEEEvRKT_[_ZNK3ros9Publisher7publishIN13geometry_msgs12PoseStamped_ISaIvEEEEEvRKT_]+0x854): undefined reference to `ros::console::setLogLocationLevel(ros::console::LogLocation*, ros::console::levels::Level)'
node0.cpp:(.text._ZNK3ros9Publisher7publishIN13geometry_msgs12PoseStamped_ISaIvEEEEEvRKT_[_ZNK3ros9Publisher7publishIN13geometry_msgs12PoseStamped_ISaIvEEEEEvRKT_]+0x85e): undefined reference to `ros::console::checkLogLocationEnabled(ros::console::LogLocation*)'
node0.cpp:(.text._ZNK3ros9Publisher7publishIN13geometry_msgs12PoseStamped_ISaIvEEEEEvRKT_[_ZNK3ros9Publisher7publishIN13geometry_msgs12PoseStamped_ISaIvEEEEEvRKT_]+0x8b8): undefined reference to `ros::console::print(ros::console::FilterBase*, void*, ros::console::levels::Level, char const*, int, char const*, char const*, ...)'
node0.cpp:(.text._ZNK3ros9Publisher7publishIN13geometry_msgs12PoseStamped_ISaIvEEEEEvRKT_[_ZNK3ros9Publisher7publishIN13geometry_msgs12PoseStamped_ISaIvEEEEEvRKT_]+0x8c3): undefined reference to `ros::console::g_initialized'
node0.cpp:(.text._ZNK3ros9Publisher7publishIN13geometry_msgs12PoseStamped_ISaIvEEEEEvRKT_[_ZNK3ros9Publisher7publishIN13geometry_msgs12PoseStamped_ISaIvEEEEEvRKT_]+0x8d3): undefined reference to `ros::console::initialize()'
node0.cpp:(.text._ZNK3ros9Publisher7publishIN13geometry_msgs12PoseStamped_ISaIvEEEEEvRKT_[_ZNK3ros9Publisher7publishIN13geometry_msgs12PoseStamped_ISaIvEEEEEvRKT_]+0x922): undefined reference to `ros::console::initializeLogLocation(ros::console::LogLocation*, std::__cxx11::basic_string<char, std::char_traits<char>, std::allocator<char> > const&, ros::console::levels::Level)'
node0.cpp:(.text._ZNK3ros9Publisher7publishIN13geometry_msgs12PoseStamped_ISaIvEEEEEvRKT_[_ZNK3ros9Publisher7publishIN13geometry_msgs12PoseStamped_ISaIvEEEEEvRKT_]+0x960): undefined reference to `ros::console::setLogLocationLevel(ros::console::LogLocation*, ros::console::levels::Level)'
node0.cpp:(.text._ZNK3ros9Publisher7publishIN13geometry_msgs12PoseStamped_ISaIvEEEEEvRKT_[_ZNK3ros9Publisher7publishIN13geometry_msgs12PoseStamped_ISaIvEEEEEvRKT_]+0x96a): undefined reference to `ros::console::checkLogLocationEnabled(ros::console::LogLocation*)'
node0.cpp:(.text._ZNK3ros9Publisher7publishIN13geometry_msgs12PoseStamped_ISaIvEEEEEvRKT_[_ZNK3ros9Publisher7publishIN13geometry_msgs12PoseStamped_ISaIvEEEEEvRKT_]+0xa26): undefined reference to `ros::console::print(ros::console::FilterBase*, void*, ros::console::levels::Level, char const*, int, char const*, char const*, ...)'
node0.cpp:(.text._ZNK3ros9Publisher7publishIN13geometry_msgs12PoseStamped_ISaIvEEEEEvRKT_[_ZNK3ros9Publisher7publishIN13geometry_msgs12PoseStamped_ISaIvEEEEEvRKT_]+0xa31): undefined reference to `ros::console::g_initialized'
node0.cpp:(.text._ZNK3ros9Publisher7publishIN13geometry_msgs12PoseStamped_ISaIvEEEEEvRKT_[_ZNK3ros9Publisher7publishIN13geometry_msgs12PoseStamped_ISaIvEEEEEvRKT_]+0xa41): undefined reference to `ros::console::initialize()'
node0.cpp:(.text._ZNK3ros9Publisher7publishIN13geometry_msgs12PoseStamped_ISaIvEEEEEvRKT_[_ZNK3ros9Publisher7publishIN13geometry_msgs12PoseStamped_ISaIvEEEEEvRKT_]+0xa90): undefined reference to `ros::console::initializeLogLocation(ros::console::LogLocation*, std::__cxx11::basic_string<char, std::char_traits<char>, std::allocator<char> > const&, ros::console::levels::Level)'
node0.cpp:(.text._ZNK3ros9Publisher7publishIN13geometry_msgs12PoseStamped_ISaIvEEEEEvRKT_[_ZNK3ros9Publisher7publishIN13geometry_msgs12PoseStamped_ISaIvEEEEEvRKT_]+0xace): undefined reference to `ros::console::setLogLocationLevel(ros::console::LogLocation*, ros::console::levels::Level)'
node0.cpp:(.text._ZNK3ros9Publisher7publishIN13geometry_msgs12PoseStamped_ISaIvEEEEEvRKT_[_ZNK3ros9Publisher7publishIN13geometry_msgs12PoseStamped_ISaIvEEEEEvRKT_]+0xad8): undefined reference to `ros::console::checkLogLocationEnabled(ros::console::LogLocation*)'
node0.cpp:(.text._ZNK3ros9Publisher7publishIN13geometry_msgs12PoseStamped_ISaIvEEEEEvRKT_[_ZNK3ros9Publisher7publishIN13geometry_msgs12PoseStamped_ISaIvEEEEEvRKT_]+0xb2a): undefined reference to `ros::console::print(ros::console::FilterBase*, void*, ros::console::levels::Level, char const*, int, char const*, char const*, ...)'
node0.cpp:(.text._ZNK3ros9Publisher7publishIN13geometry_msgs12PoseStamped_ISaIvEEEEEvRKT_[_ZNK3ros9Publisher7publishIN13geometry_msgs12PoseStamped_ISaIvEEEEEvRKT_]+0xbfc): undefined reference to `ros::Publisher::publish(boost::function<ros::SerializedMessage ()> const&, ros::SerializedMessage&) const'
CMakeFiles/node0.dir/src/node0.cpp.o: In function `bool ros::ServiceClient::call<mavros_msgs::SetMode>(mavros_msgs::SetMode&)':
node0.cpp:(.text._ZN3ros13ServiceClient4callIN11mavros_msgs7SetModeEEEbRT_[_ZN3ros13ServiceClient4callIN11mavros_msgs7SetModeEEEbRT_]+0x28): undefined reference to `ros::ServiceClient::isValid() const'
CMakeFiles/node0.dir/src/node0.cpp.o: In function `bool ros::ServiceClient::call<mavros_msgs::CommandBool>(mavros_msgs::CommandBool&)':
node0.cpp:(.text._ZN3ros13ServiceClient4callIN11mavros_msgs11CommandBoolEEEbRT_[_ZN3ros13ServiceClient4callIN11mavros_msgs11CommandBoolEEEbRT_]+0x28): undefined reference to `ros::ServiceClient::isValid() const'
CMakeFiles/node0.dir/src/node0.cpp.o: In function `bool ros::ServiceClient::call<mavros_msgs::SetModeRequest_<std::allocator<void> >, mavros_msgs::SetModeResponse_<std::allocator<void> > >(mavros_msgs::SetModeRequest_<std::allocator<void> > const&, mavros_msgs::SetModeResponse_<std::allocator<void> >&, std::__cxx11::basic_string<char, std::char_traits<char>, std::allocator<char> > const&)':
node0.cpp:(.text._ZN3ros13ServiceClient4callIN11mavros_msgs15SetModeRequest_ISaIvEEENS2_16SetModeResponse_IS4_EEEEbRKT_RT0_RKNSt7__cxx1112basic_stringIcSt11char_traitsIcESaIcEEE[_ZN3ros13ServiceClient4callIN11mavros_msgs15SetModeRequest_ISaIvEEENS2_16SetModeResponse_IS4_EEEEbRKT_RT0_RKNSt7__cxx1112basic_stringIcSt11char_traitsIcESaIcEEE]+0x79): undefined reference to `ros::ServiceClient::call(ros::SerializedMessage const&, ros::SerializedMessage&, std::__cxx11::basic_string<char, std::char_traits<char>, std::allocator<char> > const&)'
CMakeFiles/node0.dir/src/node0.cpp.o: In function `bool ros::ServiceClient::call<mavros_msgs::CommandBoolRequest_<std::allocator<void> >, mavros_msgs::CommandBoolResponse_<std::allocator<void> > >(mavros_msgs::CommandBoolRequest_<std::allocator<void> > const&, mavros_msgs::CommandBoolResponse_<std::allocator<void> >&, std::__cxx11::basic_string<char, std::char_traits<char>, std::allocator<char> > const&)':
node0.cpp:(.text._ZN3ros13ServiceClient4callIN11mavros_msgs19CommandBoolRequest_ISaIvEEENS2_20CommandBoolResponse_IS4_EEEEbRKT_RT0_RKNSt7__cxx1112basic_stringIcSt11char_traitsIcESaIcEEE[_ZN3ros13ServiceClient4callIN11mavros_msgs19CommandBoolRequest_ISaIvEEENS2_20CommandBoolResponse_IS4_EEEEbRKT_RT0_RKNSt7__cxx1112basic_stringIcSt11char_traitsIcESaIcEEE]+0x79): undefined reference to `ros::ServiceClient::call(ros::SerializedMessage const&, ros::SerializedMessage&, std::__cxx11::basic_string<char, std::char_traits<char>, std::allocator<char> > const&)'
CMakeFiles/node0.dir/src/node0.cpp.o: In function `void ros::serialization::Serializer<unsigned int>::write<ros::serialization::OStream>(ros::serialization::OStream&, unsigned int)':
node0.cpp:(.text._ZN3ros13serialization10SerializerIjE5writeINS0_7OStreamEEEvRT_j[_ZN3ros13serialization10SerializerIjE5writeINS0_7OStreamEEEvRT_j]+0x53): undefined reference to `ros::serialization::throwStreamOverrun()'
CMakeFiles/node0.dir/src/node0.cpp.o: In function `void ros::serialization::Serializer<unsigned char>::write<ros::serialization::OStream>(ros::serialization::OStream&, unsigned char)':
node0.cpp:(.text._ZN3ros13serialization10SerializerIhE5writeINS0_7OStreamEEEvRT_h[_ZN3ros13serialization10SerializerIhE5writeINS0_7OStreamEEEvRT_h]+0x55): undefined reference to `ros::serialization::throwStreamOverrun()'
CMakeFiles/node0.dir/src/node0.cpp.o: In function `void ros::serialization::Serializer<std::__cxx11::basic_string<char, std::char_traits<char>, std::allocator<char> > >::write<ros::serialization::OStream>(ros::serialization::OStream&, std::__cxx11::basic_string<char, std::char_traits<char>, std::allocator<char> > const&)':
node0.cpp:(.text._ZN3ros13serialization10SerializerINSt7__cxx1112basic_stringIcSt11char_traitsIcESaIcEEEE5writeINS0_7OStreamEEEvRT_RKS7_[_ZN3ros13serialization10SerializerINSt7__cxx1112basic_stringIcSt11char_traitsIcESaIcEEEE5writeINS0_7OStreamEEEvRT_RKS7_]+0xad): undefined reference to `ros::serialization::throwStreamOverrun()'
CMakeFiles/node0.dir/src/node0.cpp.o: In function `void ros::serialization::Serializer<unsigned char>::read<ros::serialization::IStream>(ros::serialization::IStream&, unsigned char&)':
node0.cpp:(.text._ZN3ros13serialization10SerializerIhE4readINS0_7IStreamEEEvRT_Rh[_ZN3ros13serialization10SerializerIhE4readINS0_7IStreamEEEvRT_Rh]+0x54): undefined reference to `ros::serialization::throwStreamOverrun()'
CMakeFiles/node0.dir/src/node0.cpp.o: In function `void ros::serialization::Serializer<double>::write<ros::serialization::OStream>(ros::serialization::OStream&, double)':
node0.cpp:(.text._ZN3ros13serialization10SerializerIdE5writeINS0_7OStreamEEEvRT_d[_ZN3ros13serialization10SerializerIdE5writeINS0_7OStreamEEEvRT_d]+0x55): undefined reference to `ros::serialization::throwStreamOverrun()'
CMakeFiles/node0.dir/src/node0.cpp.o: In function `ros::SubscriptionCallbackHelperT<boost::shared_ptr<mavros_msgs::State_<std::allocator<void> > const> const&, void>::deserialize(ros::SubscriptionCallbackHelperDeserializeParams const&)':
node0.cpp:(.text._ZN3ros27SubscriptionCallbackHelperTIRKN5boost10shared_ptrIKN11mavros_msgs6State_ISaIvEEEEEvE11deserializeERKNS_43SubscriptionCallbackHelperDeserializeParamsE[_ZN3ros27SubscriptionCallbackHelperTIRKN5boost10shared_ptrIKN11mavros_msgs6State_ISaIvEEEEEvE11deserializeERKNS_43SubscriptionCallbackHelperDeserializeParamsE]+0x61): undefined reference to `ros::console::g_initialized'
node0.cpp:(.text._ZN3ros27SubscriptionCallbackHelperTIRKN5boost10shared_ptrIKN11mavros_msgs6State_ISaIvEEEEEvE11deserializeERKNS_43SubscriptionCallbackHelperDeserializeParamsE[_ZN3ros27SubscriptionCallbackHelperTIRKN5boost10shared_ptrIKN11mavros_msgs6State_ISaIvEEEEEvE11deserializeERKNS_43SubscriptionCallbackHelperDeserializeParamsE]+0x71): undefined reference to `ros::console::initialize()'
node0.cpp:(.text._ZN3ros27SubscriptionCallbackHelperTIRKN5boost10shared_ptrIKN11mavros_msgs6State_ISaIvEEEEEvE11deserializeERKNS_43SubscriptionCallbackHelperDeserializeParamsE[_ZN3ros27SubscriptionCallbackHelperTIRKN5boost10shared_ptrIKN11mavros_msgs6State_ISaIvEEEEEvE11deserializeERKNS_43SubscriptionCallbackHelperDeserializeParamsE]+0xba): undefined reference to `ros::console::initializeLogLocation(ros::console::LogLocation*, std::__cxx11::basic_string<char, std::char_traits<char>, std::allocator<char> > const&, ros::console::levels::Level)'
node0.cpp:(.text._ZN3ros27SubscriptionCallbackHelperTIRKN5boost10shared_ptrIKN11mavros_msgs6State_ISaIvEEEEEvE11deserializeERKNS_43SubscriptionCallbackHelperDeserializeParamsE[_ZN3ros27SubscriptionCallbackHelperTIRKN5boost10shared_ptrIKN11mavros_msgs6State_ISaIvEEEEEvE11deserializeERKNS_43SubscriptionCallbackHelperDeserializeParamsE]+0xf4): undefined reference to `ros::console::setLogLocationLevel(ros::console::LogLocation*, ros::console::levels::Level)'
node0.cpp:(.text._ZN3ros27SubscriptionCallbackHelperTIRKN5boost10shared_ptrIKN11mavros_msgs6State_ISaIvEEEEEvE11deserializeERKNS_43SubscriptionCallbackHelperDeserializeParamsE[_ZN3ros27SubscriptionCallbackHelperTIRKN5boost10shared_ptrIKN11mavros_msgs6State_ISaIvEEEEEvE11deserializeERKNS_43SubscriptionCallbackHelperDeserializeParamsE]+0xfe): undefined reference to `ros::console::checkLogLocationEnabled(ros::console::LogLocation*)'
node0.cpp:(.text._ZN3ros27SubscriptionCallbackHelperTIRKN5boost10shared_ptrIKN11mavros_msgs6State_ISaIvEEEEEvE11deserializeERKNS_43SubscriptionCallbackHelperDeserializeParamsE[_ZN3ros27SubscriptionCallbackHelperTIRKN5boost10shared_ptrIKN11mavros_msgs6State_ISaIvEEEEEvE11deserializeERKNS_43SubscriptionCallbackHelperDeserializeParamsE]+0x175): undefined reference to `ros::console::print(ros::console::FilterBase*, void*, ros::console::levels::Level, char const*, int, char const*, char const*, ...)'
CMakeFiles/node0.dir/src/node0.cpp.o: In function `void ros::serialization::Serializer<std::__cxx11::basic_string<char, std::char_traits<char>, std::allocator<char> > >::read<ros::serialization::IStream>(ros::serialization::IStream&, std::__cxx11::basic_string<char, std::char_traits<char>, std::allocator<char> >&)':
node0.cpp:(.text._ZN3ros13serialization10SerializerINSt7__cxx1112basic_stringIcSt11char_traitsIcESaIcEEEE4readINS0_7IStreamEEEvRT_RS7_[_ZN3ros13serialization10SerializerINSt7__cxx1112basic_stringIcSt11char_traitsIcESaIcEEEE4readINS0_7IStreamEEEvRT_RS7_]+0x99): undefined reference to `ros::serialization::throwStreamOverrun()'
CMakeFiles/node0.dir/src/node0.cpp.o: In function `void ros::serialization::Serializer<unsigned int>::read<ros::serialization::IStream>(ros::serialization::IStream&, unsigned int&)':
node0.cpp:(.text._ZN3ros13serialization10SerializerIjE4readINS0_7IStreamEEEvRT_Rj[_ZN3ros13serialization10SerializerIjE4readINS0_7IStreamEEEvRT_Rj]+0x54): undefined reference to `ros::serialization::throwStreamOverrun()'
collect2: error: ld returned 1 exit status
make[2]: *** [/home/joaquin/catkin_ws/devel/.private/second/lib/second/node0] Error 1
make[1]: *** [CMakeFiles/node0.dir/all] Error 2
make: *** [all] Error 2
