[  0%] Built target std_msgs_generate_messages_lisp
[  0%] Built target rosgraph_msgs_generate_messages_eus
[  0%] Built target rosgraph_msgs_generate_messages_lisp
[  0%] Built target rosgraph_msgs_generate_messages_py
[  0%] Built target roscpp_generate_messages_lisp
[  0%] Built target roscpp_generate_messages_eus
[  0%] Built target geometry_msgs_generate_messages_nodejs
[  0%] Built target rosgraph_msgs_generate_messages_cpp
[  0%] Built target std_msgs_generate_messages_eus
[  0%] Built target roscpp_generate_messages_cpp
[  0%] Built target geometry_msgs_generate_messages_lisp
[  0%] Built target std_msgs_generate_messages_nodejs
[  0%] Built target geometry_msgs_generate_messages_py
[  0%] Built target sensor_msgs_generate_messages_cpp
[  0%] Built target rosgraph_msgs_generate_messages_nodejs
[  0%] Built target sensor_msgs_generate_messages_nodejs
[  0%] Built target std_msgs_generate_messages_cpp
[  0%] Built target sensor_msgs_generate_messages_eus
[  0%] Built target sensor_msgs_generate_messages_lisp
[  0%] Built target sensor_msgs_generate_messages_py
[  0%] Built target roscpp_generate_messages_nodejs
[  0%] Built target geometry_msgs_generate_messages_eus
[  0%] Built target roscpp_generate_messages_py
[  0%] Built target std_msgs_generate_messages_py
[  0%] Built target geometry_msgs_generate_messages_cpp
[35m[1mScanning dependencies of target node0[0m
[ 10%] Built target mavros1
[ 20%] Built target cv_node
[ 30%] Built target controller
[ 35%] [32mBuilding CXX object CMakeFiles/node0.dir/src/node0.cpp.o[0m
[ 45%] Built target cv_node2
[35m[1mScanning dependencies of target image_aruco_test[0m
[ 55%] Built target cv_node3
[ 60%] [32mBuilding CXX object CMakeFiles/image_aruco_test.dir/src/image_aruco_test.cpp.o[0m
[ 70%] Built target image_converter3
[ 80%] Built target test_control
[ 90%] Built target velocity_test
[ 95%] [32m[1mLinking CXX executable /home/joaquin/catkin_ws/devel/.private/second/lib/second/node0[0m
[100%] [32m[1mLinking CXX executable /home/joaquin/catkin_ws/devel/.private/second/lib/second/image_aruco_test[0m
[100%] Built target node0
[100%] Built target image_aruco_test
