[01m[K/home/joaquin/catkin_ws/src/second/src/node0.cpp:[m[K In function ‘[01m[Kint main(int, char**)[m[K’:
[01m[K/home/joaquin/catkin_ws/src/second/src/node0.cpp:116:37:[m[K [01;31m[Kerror: [m[Kexpression cannot be used as a function
             vel_msg.twist.angular.z()
[01;32m[K                                     ^[m[K
make[2]: *** [CMakeFiles/node0.dir/src/node0.cpp.o] Error 1
make[1]: *** [CMakeFiles/node0.dir/all] Error 2
make[1]: *** Waiting for unfinished jobs....
[01m[K/home/joaquin/catkin_ws/src/second/src/image_converter4.cpp:[m[K In member function ‘[01m[Kvoid ImageConverter::imageCb(const ImageConstPtr&)[m[K’:
[01m[K/home/joaquin/catkin_ws/src/second/src/image_converter4.cpp:74:31:[m[K [01;31m[Kerror: [m[Kno matching function for call to ‘[01m[Kstd::vector<cv::Vec<double, 3> >::at()[m[K’
     yaw_pub.publish((rvecs.at())[2]);
[01;32m[K                               ^[m[K
In file included from [01m[K/usr/include/c++/5/vector:64:0[m[K,
                 from [01m[K/usr/include/c++/5/bits/random.h:34[m[K,
                 from [01m[K/usr/include/c++/5/random:49[m[K,
                 from [01m[K/usr/include/c++/5/bits/stl_algo.h:66[m[K,
                 from [01m[K/usr/include/c++/5/algorithm:62[m[K,
                 from [01m[K/usr/include/boost/math/tools/config.hpp:17[m[K,
                 from [01m[K/usr/include/boost/math/special_functions/round.hpp:13[m[K,
                 from [01m[K/opt/ros/kinetic/include/ros/time.h:58[m[K,
                 from [01m[K/opt/ros/kinetic/include/ros/ros.h:38[m[K,
                 from [01m[K/home/joaquin/catkin_ws/src/second/src/image_converter4.cpp:1[m[K:
[01m[K/usr/include/c++/5/bits/stl_vector.h:822:7:[m[K [01;36m[Knote: [m[Kcandidate: std::vector<_Tp, _Alloc>::reference std::vector<_Tp, _Alloc>::at(std::vector<_Tp, _Alloc>::size_type) [with _Tp = cv::Vec<double, 3>; _Alloc = std::allocator<cv::Vec<double, 3> >; std::vector<_Tp, _Alloc>::reference = cv::Vec<double, 3>&; std::vector<_Tp, _Alloc>::size_type = long unsigned int]
       at(size_type __n)
[01;32m[K       ^[m[K
[01m[K/usr/include/c++/5/bits/stl_vector.h:822:7:[m[K [01;36m[Knote: [m[K  candidate expects 1 argument, 0 provided
[01m[K/usr/include/c++/5/bits/stl_vector.h:840:7:[m[K [01;36m[Knote: [m[Kcandidate: std::vector<_Tp, _Alloc>::const_reference std::vector<_Tp, _Alloc>::at(std::vector<_Tp, _Alloc>::size_type) const [with _Tp = cv::Vec<double, 3>; _Alloc = std::allocator<cv::Vec<double, 3> >; std::vector<_Tp, _Alloc>::const_reference = const cv::Vec<double, 3>&; std::vector<_Tp, _Alloc>::size_type = long unsigned int]
       at(size_type __n) const
[01;32m[K       ^[m[K
[01m[K/usr/include/c++/5/bits/stl_vector.h:840:7:[m[K [01;36m[Knote: [m[K  candidate expects 1 argument, 0 provided
make[2]: *** [CMakeFiles/image_converter4.dir/src/image_converter4.cpp.o] Error 1
make[1]: *** [CMakeFiles/image_converter4.dir/all] Error 2
make: *** [all] Error 2
