[  0%] Built target rosgraph_msgs_generate_messages_py
[  0%] Built target rosgraph_msgs_generate_messages_lisp
[  0%] Built target rosgraph_msgs_generate_messages_eus
[  0%] Built target std_msgs_generate_messages_lisp
[  0%] Built target roscpp_generate_messages_eus
[  0%] Built target geometry_msgs_generate_messages_nodejs
[  0%] Built target roscpp_generate_messages_lisp
[  0%] Built target std_msgs_generate_messages_eus
[  0%] Built target rosgraph_msgs_generate_messages_cpp
[  0%] Built target roscpp_generate_messages_cpp
[  0%] Built target geometry_msgs_generate_messages_lisp
[  0%] Built target sensor_msgs_generate_messages_nodejs
[  0%] Built target geometry_msgs_generate_messages_py
[  0%] Built target rosgraph_msgs_generate_messages_nodejs
[  0%] Built target std_msgs_generate_messages_nodejs
[  0%] Built target sensor_msgs_generate_messages_cpp
[  0%] Built target std_msgs_generate_messages_cpp
[  0%] Built target sensor_msgs_generate_messages_eus
[  0%] Built target sensor_msgs_generate_messages_lisp
[  0%] Built target sensor_msgs_generate_messages_py
[  0%] Built target std_msgs_generate_messages_py
[  0%] Built target roscpp_generate_messages_nodejs
[  0%] Built target geometry_msgs_generate_messages_eus
[  0%] Built target roscpp_generate_messages_py
[  0%] Built target geometry_msgs_generate_messages_cpp
[35m[1mScanning dependencies of target node0[0m
[ 10%] Built target controller
[ 15%] [32mBuilding CXX object CMakeFiles/node0.dir/src/node0.cpp.o[0m
[ 25%] Built target mavros1
[ 35%] Built target cv_node
[ 45%] Built target cv_node2
[ 65%] Built target image_converter3
[ 65%] Built target cv_node3
[ 75%] Built target image_aruco_test
[ 85%] Built target test_control
[ 95%] Built target velocity_test
[01m[K/home/joaquin/catkin_ws/src/second/src/node0.cpp:[m[K In function ‘[01m[Kint main(int, char**)[m[K’:
[01m[K/home/joaquin/catkin_ws/src/second/src/node0.cpp:271:13:[m[K [01;31m[Kerror: [m[K‘[01m[Kmavros_msgs::Altitude {aka struct mavros_msgs::Altitude_<std::allocator<void> >}[m[K’ has no member named ‘[01m[Kaltitude_local[m[K’
     alt_msg.altitude_local = 1.8;  // Set local altitude message value.
[01;32m[K             ^[m[K
CMakeFiles/node0.dir/build.make:62: recipe for target 'CMakeFiles/node0.dir/src/node0.cpp.o' failed
make[2]: *** [CMakeFiles/node0.dir/src/node0.cpp.o] Error 1
CMakeFiles/Makefile2:568: recipe for target 'CMakeFiles/node0.dir/all' failed
make[1]: *** [CMakeFiles/node0.dir/all] Error 2
Makefile:138: recipe for target 'all' failed
make: *** [all] Error 2
