[01m[K/home/joaquin/catkin_ws/src/second/src/image_aruco_test2.cpp:[m[K In member function ‘[01m[Kvoid ImageConverter::imageCb(const ImageConstPtr&)[m[K’:
[01m[K/home/joaquin/catkin_ws/src/second/src/image_aruco_test2.cpp:110:26:[m[K [01;31m[Kerror: [m[Kno matching function for call to ‘[01m[Kcv::Mat_<float>::Mat_(double)[m[K’
       Mat RT = (Mat1f(3.4)); // Rotation and Translation matrix for 3D homogeneous coordinates. G-Frame --> B-Frame (camera).
[01;32m[K                          ^[m[K
In file included from [01m[K/opt/ros/kinetic/include/opencv-3.2.0-dev/opencv2/core/mat.hpp:3518:0[m[K,
                 from [01m[K/opt/ros/kinetic/include/opencv-3.2.0-dev/opencv2/core.hpp:59[m[K,
                 from [01m[K/opt/ros/kinetic/include/opencv-3.2.0-dev/opencv2/core/core.hpp:48[m[K,
                 from [01m[K/opt/ros/kinetic/include/cv_bridge/cv_bridge.h:43[m[K,
                 from [01m[K/home/joaquin/catkin_ws/src/second/src/image_aruco_test2.cpp:3[m[K:
[01m[K/opt/ros/kinetic/include/opencv-3.2.0-dev/opencv2/core/mat.inl.hpp:1852:1:[m[K [01;36m[Knote: [m[Kcandidate: cv::Mat_<_Tp>::Mat_(cv::MatExpr&&) [with _Tp = float]
 Mat_<_Tp>::Mat_(MatExpr&& e)
[01;32m[K ^[m[K
[01m[K/opt/ros/kinetic/include/opencv-3.2.0-dev/opencv2/core/mat.inl.hpp:1852:1:[m[K [01;36m[Knote: [m[K  no known conversion for argument 1 from ‘[01m[Kdouble[m[K’ to ‘[01m[Kcv::MatExpr&&[m[K’
[01m[K/opt/ros/kinetic/include/opencv-3.2.0-dev/opencv2/core/mat.inl.hpp:1826:1:[m[K [01;36m[Knote: [m[Kcandidate: cv::Mat_<_Tp>::Mat_(cv::Mat&&) [with _Tp = float]
 Mat_<_Tp>::Mat_(Mat&& m)
[01;32m[K ^[m[K
[01m[K/opt/ros/kinetic/include/opencv-3.2.0-dev/opencv2/core/mat.inl.hpp:1826:1:[m[K [01;36m[Knote: [m[K  no known conversion for argument 1 from ‘[01m[Kdouble[m[K’ to ‘[01m[Kcv::Mat&&[m[K’
[01m[K/opt/ros/kinetic/include/opencv-3.2.0-dev/opencv2/core/mat.inl.hpp:1813:1:[m[K [01;36m[Knote: [m[Kcandidate: cv::Mat_<_Tp>::Mat_(cv::Mat_<_Tp>&&) [with _Tp = float]
 Mat_<_Tp>::Mat_(Mat_&& m)
[01;32m[K ^[m[K
[01m[K/opt/ros/kinetic/include/opencv-3.2.0-dev/opencv2/core/mat.inl.hpp:1813:1:[m[K [01;36m[Knote: [m[K  no known conversion for argument 1 from ‘[01m[Kdouble[m[K’ to ‘[01m[Kcv::Mat_<float>&&[m[K’
[01m[K/opt/ros/kinetic/include/opencv-3.2.0-dev/opencv2/core/mat.inl.hpp:1462:1:[m[K [01;36m[Knote: [m[Kcandidate: cv::Mat_<_Tp>::Mat_(const cv::MatCommaInitializer_<_Tp>&) [with _Tp = float]
 Mat_<_Tp>::Mat_(const MatCommaInitializer_<_Tp>& commaInitializer)
[01;32m[K ^[m[K
[01m[K/opt/ros/kinetic/include/opencv-3.2.0-dev/opencv2/core/mat.inl.hpp:1462:1:[m[K [01;36m[Knote: [m[K  no known conversion for argument 1 from ‘[01m[Kdouble[m[K’ to ‘[01m[Kconst cv::MatCommaInitializer_<float>&[m[K’
[01m[K/opt/ros/kinetic/include/opencv-3.2.0-dev/opencv2/core/mat.inl.hpp:1453:1:[m[K [01;36m[Knote: [m[Kcandidate: cv::Mat_<_Tp>::Mat_(const cv::Point3_<typename cv::DataType<_Tp>::channel_type>&, bool) [with _Tp = float; typename cv::DataType<_Tp>::channel_type = float]
 Mat_<_Tp>::Mat_(const Point3_<typename DataType<_Tp>::channel_type>& pt, bool copyData)
[01;32m[K ^[m[K
[01m[K/opt/ros/kinetic/include/opencv-3.2.0-dev/opencv2/core/mat.inl.hpp:1453:1:[m[K [01;36m[Knote: [m[K  no known conversion for argument 1 from ‘[01m[Kdouble[m[K’ to ‘[01m[Kconst cv::Point3_<float>&[m[K’
[01m[K/opt/ros/kinetic/include/opencv-3.2.0-dev/opencv2/core/mat.inl.hpp:1444:1:[m[K [01;36m[Knote: [m[Kcandidate: cv::Mat_<_Tp>::Mat_(const cv::Point_<typename cv::DataType<_Tp>::channel_type>&, bool) [with _Tp = float; typename cv::DataType<_Tp>::channel_type = float]
 Mat_<_Tp>::Mat_(const Point_<typename DataType<_Tp>::channel_type>& pt, bool copyData)
[01;32m[K ^[m[K
[01m[K/opt/ros/kinetic/include/opencv-3.2.0-dev/opencv2/core/mat.inl.hpp:1444:1:[m[K [01;36m[Knote: [m[K  no known conversion for argument 1 from ‘[01m[Kdouble[m[K’ to ‘[01m[Kconst cv::Point_<float>&[m[K’
In file included from [01m[K/opt/ros/kinetic/include/opencv-3.2.0-dev/opencv2/core.hpp:59:0[m[K,
                 from [01m[K/opt/ros/kinetic/include/opencv-3.2.0-dev/opencv2/core/core.hpp:48[m[K,
                 from [01m[K/opt/ros/kinetic/include/cv_bridge/cv_bridge.h:43[m[K,
                 from [01m[K/home/joaquin/catkin_ws/src/second/src/image_aruco_test2.cpp:3[m[K:
[01m[K/opt/ros/kinetic/include/opencv-3.2.0-dev/opencv2/core/mat.hpp:2079:37:[m[K [01;36m[Knote: [m[Kcandidate: template<int m, int n> cv::Mat_<_Tp>::Mat_(const cv::Matx<typename cv::DataType<_Tp>::channel_type, m, n>&, bool)
     template<int m, int n> explicit Mat_(const Matx<typename DataType<_Tp>::channel_type, m, n>& mtx, bool copyData=true);
[01;32m[K                                     ^[m[K
[01m[K/opt/ros/kinetic/include/opencv-3.2.0-dev/opencv2/core/mat.hpp:2079:37:[m[K [01;36m[Knote: [m[K  template argument deduction/substitution failed:
[01m[K/home/joaquin/catkin_ws/src/second/src/image_aruco_test2.cpp:110:26:[m[K [01;36m[Knote: [m[K  mismatched types ‘[01m[Kconst cv::Matx<float, m1, n1>[m[K’ and ‘[01m[Kdouble[m[K’
       Mat RT = (Mat1f(3.4)); // Rotation and Translation matrix for 3D homogeneous coordinates. G-Frame --> B-Frame (camera).
[01;32m[K                          ^[m[K
In file included from [01m[K/opt/ros/kinetic/include/opencv-3.2.0-dev/opencv2/core.hpp:59:0[m[K,
                 from [01m[K/opt/ros/kinetic/include/opencv-3.2.0-dev/opencv2/core/core.hpp:48[m[K,
                 from [01m[K/opt/ros/kinetic/include/cv_bridge/cv_bridge.h:43[m[K,
                 from [01m[K/home/joaquin/catkin_ws/src/second/src/image_aruco_test2.cpp:3[m[K:
[01m[K/opt/ros/kinetic/include/opencv-3.2.0-dev/opencv2/core/mat.hpp:2078:30:[m[K [01;36m[Knote: [m[Kcandidate: template<int n> cv::Mat_<_Tp>::Mat_(const cv::Vec<typename cv::DataType<_Tp>::channel_type, n>&, bool)
     template<int n> explicit Mat_(const Vec<typename DataType<_Tp>::channel_type, n>& vec, bool copyData=true);
[01;32m[K                              ^[m[K
[01m[K/opt/ros/kinetic/include/opencv-3.2.0-dev/opencv2/core/mat.hpp:2078:30:[m[K [01;36m[Knote: [m[K  template argument deduction/substitution failed:
[01m[K/home/joaquin/catkin_ws/src/second/src/image_aruco_test2.cpp:110:26:[m[K [01;36m[Knote: [m[K  mismatched types ‘[01m[Kconst cv::Vec<float, n>[m[K’ and ‘[01m[Kdouble[m[K’
       Mat RT = (Mat1f(3.4)); // Rotation and Translation matrix for 3D homogeneous coordinates. G-Frame --> B-Frame (camera).
[01;32m[K                          ^[m[K
In file included from [01m[K/opt/ros/kinetic/include/opencv-3.2.0-dev/opencv2/core/mat.hpp:3518:0[m[K,
                 from [01m[K/opt/ros/kinetic/include/opencv-3.2.0-dev/opencv2/core.hpp:59[m[K,
                 from [01m[K/opt/ros/kinetic/include/opencv-3.2.0-dev/opencv2/core/core.hpp:48[m[K,
                 from [01m[K/opt/ros/kinetic/include/cv_bridge/cv_bridge.h:43[m[K,
                 from [01m[K/home/joaquin/catkin_ws/src/second/src/image_aruco_test2.cpp:3[m[K:
[01m[K/opt/ros/kinetic/include/opencv-3.2.0-dev/opencv2/core/mat.inl.hpp:1467:1:[m[K [01;36m[Knote: [m[Kcandidate: cv::Mat_<_Tp>::Mat_(const std::vector<_RealType>&, bool) [with _Tp = float]
 Mat_<_Tp>::Mat_(const std::vector<_Tp>& vec, bool copyData)
[01;32m[K ^[m[K
[01m[K/opt/ros/kinetic/include/opencv-3.2.0-dev/opencv2/core/mat.inl.hpp:1467:1:[m[K [01;36m[Knote: [m[K  no known conversion for argument 1 from ‘[01m[Kdouble[m[K’ to ‘[01m[Kconst std::vector<float>&[m[K’
[01m[K/opt/ros/kinetic/include/opencv-3.2.0-dev/opencv2/core/mat.inl.hpp:3111:1:[m[K [01;36m[Knote: [m[Kcandidate: cv::Mat_<_Tp>::Mat_(const cv::MatExpr&) [with _Tp = float]
 Mat_<_Tp>::Mat_(const MatExpr& e)
[01;32m[K ^[m[K
[01m[K/opt/ros/kinetic/include/opencv-3.2.0-dev/opencv2/core/mat.inl.hpp:3111:1:[m[K [01;36m[Knote: [m[K  no known conversion for argument 1 from ‘[01m[Kdouble[m[K’ to ‘[01m[Kconst cv::MatExpr&[m[K’
[01m[K/opt/ros/kinetic/include/opencv-3.2.0-dev/opencv2/core/mat.inl.hpp:1393:1:[m[K [01;36m[Knote: [m[Kcandidate: cv::Mat_<_Tp>::Mat_(const cv::Mat_<_Tp>&, const std::vector<cv::Range>&) [with _Tp = float]
 Mat_<_Tp>::Mat_(const Mat_<_Tp>& m, const std::vector<Range>& ranges)
[01;32m[K ^[m[K
[01m[K/opt/ros/kinetic/include/opencv-3.2.0-dev/opencv2/core/mat.inl.hpp:1393:1:[m[K [01;36m[Knote: [m[K  candidate expects 2 arguments, 1 provided
[01m[K/opt/ros/kinetic/include/opencv-3.2.0-dev/opencv2/core/mat.inl.hpp:1388:1:[m[K [01;36m[Knote: [m[Kcandidate: cv::Mat_<_Tp>::Mat_(const cv::Mat_<_Tp>&, const cv::Range*) [with _Tp = float]
 Mat_<_Tp>::Mat_(const Mat_<_Tp>& m, const Range* ranges)
[01;32m[K ^[m[K
[01m[K/opt/ros/kinetic/include/opencv-3.2.0-dev/opencv2/core/mat.inl.hpp:1388:1:[m[K [01;36m[Knote: [m[K  candidate expects 2 arguments, 1 provided
[01m[K/opt/ros/kinetic/include/opencv-3.2.0-dev/opencv2/core/mat.inl.hpp:1421:1:[m[K [01;36m[Knote: [m[Kcandidate: cv::Mat_<_Tp>::Mat_(const cv::Mat_<_Tp>&, const Rect&) [with _Tp = float; cv::Rect = cv::Rect_<int>]
 Mat_<_Tp>::Mat_(const Mat_& m, const Rect& roi)
[01;32m[K ^[m[K
[01m[K/opt/ros/kinetic/include/opencv-3.2.0-dev/opencv2/core/mat.inl.hpp:1421:1:[m[K [01;36m[Knote: [m[K  candidate expects 2 arguments, 1 provided
[01m[K/opt/ros/kinetic/include/opencv-3.2.0-dev/opencv2/core/mat.inl.hpp:1416:1:[m[K [01;36m[Knote: [m[Kcandidate: cv::Mat_<_Tp>::Mat_(const cv::Mat_<_Tp>&, const cv::Range&, const cv::Range&) [with _Tp = float]
 Mat_<_Tp>::Mat_(const Mat_& m, const Range& _rowRange, const Range& _colRange)
[01;32m[K ^[m[K
[01m[K/opt/ros/kinetic/include/opencv-3.2.0-dev/opencv2/core/mat.inl.hpp:1416:1:[m[K [01;36m[Knote: [m[K  candidate expects 3 arguments, 1 provided
[01m[K/opt/ros/kinetic/include/opencv-3.2.0-dev/opencv2/core/mat.inl.hpp:1383:1:[m[K [01;36m[Knote: [m[Kcandidate: cv::Mat_<_Tp>::Mat_(int, const int*, _Tp*, const size_t*) [with _Tp = float; size_t = long unsigned int]
 Mat_<_Tp>::Mat_(int _dims, const int* _sz, _Tp* _data, const size_t* _steps)
[01;32m[K ^[m[K
[01m[K/opt/ros/kinetic/include/opencv-3.2.0-dev/opencv2/core/mat.inl.hpp:1383:1:[m[K [01;36m[Knote: [m[K  candidate expects 4 arguments, 1 provided
[01m[K/opt/ros/kinetic/include/opencv-3.2.0-dev/opencv2/core/mat.inl.hpp:1411:1:[m[K [01;36m[Knote: [m[Kcandidate: cv::Mat_<_Tp>::Mat_(int, int, _Tp*, size_t) [with _Tp = float; size_t = long unsigned int]
 Mat_<_Tp>::Mat_(int _rows, int _cols, _Tp* _data, size_t steps)
[01;32m[K ^[m[K
[01m[K/opt/ros/kinetic/include/opencv-3.2.0-dev/opencv2/core/mat.inl.hpp:1411:1:[m[K [01;36m[Knote: [m[K  candidate expects 4 arguments, 1 provided
[01m[K/opt/ros/kinetic/include/opencv-3.2.0-dev/opencv2/core/mat.inl.hpp:1406:1:[m[K [01;36m[Knote: [m[Kcandidate: cv::Mat_<_Tp>::Mat_(const cv::Mat_<_Tp>&) [with _Tp = float]
 Mat_<_Tp>::Mat_(const Mat_& m)
[01;32m[K ^[m[K
[01m[K/opt/ros/kinetic/include/opencv-3.2.0-dev/opencv2/core/mat.inl.hpp:1406:1:[m[K [01;36m[Knote: [m[K  no known conversion for argument 1 from ‘[01m[Kdouble[m[K’ to ‘[01m[Kconst cv::Mat_<float>&[m[K’
[01m[K/opt/ros/kinetic/include/opencv-3.2.0-dev/opencv2/core/mat.inl.hpp:1398:1:[m[K [01;36m[Knote: [m[Kcandidate: cv::Mat_<_Tp>::Mat_(const cv::Mat&) [with _Tp = float]
 Mat_<_Tp>::Mat_(const Mat& m)
[01;32m[K ^[m[K
[01m[K/opt/ros/kinetic/include/opencv-3.2.0-dev/opencv2/core/mat.inl.hpp:1398:1:[m[K [01;36m[Knote: [m[K  no known conversion for argument 1 from ‘[01m[Kdouble[m[K’ to ‘[01m[Kconst cv::Mat&[m[K’
[01m[K/opt/ros/kinetic/include/opencv-3.2.0-dev/opencv2/core/mat.inl.hpp:1378:1:[m[K [01;36m[Knote: [m[Kcandidate: cv::Mat_<_Tp>::Mat_(int, const int*, const _Tp&) [with _Tp = float]
 Mat_<_Tp>::Mat_(int _dims, const int* _sz, const _Tp& _s)
[01;32m[K ^[m[K
[01m[K/opt/ros/kinetic/include/opencv-3.2.0-dev/opencv2/core/mat.inl.hpp:1378:1:[m[K [01;36m[Knote: [m[K  candidate expects 3 arguments, 1 provided
[01m[K/opt/ros/kinetic/include/opencv-3.2.0-dev/opencv2/core/mat.inl.hpp:1373:1:[m[K [01;36m[Knote: [m[Kcandidate: cv::Mat_<_Tp>::Mat_(int, const int*) [with _Tp = float]
 Mat_<_Tp>::Mat_(int _dims, const int* _sz)
[01;32m[K ^[m[K
[01m[K/opt/ros/kinetic/include/opencv-3.2.0-dev/opencv2/core/mat.inl.hpp:1373:1:[m[K [01;36m[Knote: [m[K  candidate expects 2 arguments, 1 provided
[01m[K/opt/ros/kinetic/include/opencv-3.2.0-dev/opencv2/core/mat.inl.hpp:1366:1:[m[K [01;36m[Knote: [m[Kcandidate: cv::Mat_<_Tp>::Mat_(cv::Size, const _Tp&) [with _Tp = float; cv::Size = cv::Size_<int>]
 Mat_<_Tp>::Mat_(Size _sz, const _Tp& value)
[01;32m[K ^[m[K
[01m[K/opt/ros/kinetic/include/opencv-3.2.0-dev/opencv2/core/mat.inl.hpp:1366:1:[m[K [01;36m[Knote: [m[K  candidate expects 2 arguments, 1 provided
[01m[K/opt/ros/kinetic/include/opencv-3.2.0-dev/opencv2/core/mat.inl.hpp:1361:1:[m[K [01;36m[Knote: [m[Kcandidate: cv::Mat_<_Tp>::Mat_(cv::Size) [with _Tp = float; cv::Size = cv::Size_<int>]
 Mat_<_Tp>::Mat_(Size _sz)
[01;32m[K ^[m[K
[01m[K/opt/ros/kinetic/include/opencv-3.2.0-dev/opencv2/core/mat.inl.hpp:1361:1:[m[K [01;36m[Knote: [m[K  no known conversion for argument 1 from ‘[01m[Kdouble[m[K’ to ‘[01m[Kcv::Size {aka cv::Size_<int>}[m[K’
[01m[K/opt/ros/kinetic/include/opencv-3.2.0-dev/opencv2/core/mat.inl.hpp:1354:1:[m[K [01;36m[Knote: [m[Kcandidate: cv::Mat_<_Tp>::Mat_(int, int, const _Tp&) [with _Tp = float]
 Mat_<_Tp>::Mat_(int _rows, int _cols, const _Tp& value)
[01;32m[K ^[m[K
[01m[K/opt/ros/kinetic/include/opencv-3.2.0-dev/opencv2/core/mat.inl.hpp:1354:1:[m[K [01;36m[Knote: [m[K  candidate expects 3 arguments, 1 provided
[01m[K/opt/ros/kinetic/include/opencv-3.2.0-dev/opencv2/core/mat.inl.hpp:1348:1:[m[K [01;36m[Knote: [m[Kcandidate: cv::Mat_<_Tp>::Mat_(int, int) [with _Tp = float]
 Mat_<_Tp>::Mat_(int _rows, int _cols)
[01;32m[K ^[m[K
[01m[K/opt/ros/kinetic/include/opencv-3.2.0-dev/opencv2/core/mat.inl.hpp:1348:1:[m[K [01;36m[Knote: [m[K  candidate expects 2 arguments, 1 provided
[01m[K/opt/ros/kinetic/include/opencv-3.2.0-dev/opencv2/core/mat.inl.hpp:1341:1:[m[K [01;36m[Knote: [m[Kcandidate: cv::Mat_<_Tp>::Mat_() [with _Tp = float]
 Mat_<_Tp>::Mat_()
[01;32m[K ^[m[K
[01m[K/opt/ros/kinetic/include/opencv-3.2.0-dev/opencv2/core/mat.inl.hpp:1341:1:[m[K [01;36m[Knote: [m[K  candidate expects 0 arguments, 1 provided
make[2]: *** [CMakeFiles/image_aruco_test2.dir/src/image_aruco_test2.cpp.o] Error 1
make[1]: *** [CMakeFiles/image_aruco_test2.dir/all] Error 2
make: *** [all] Error 2
