[01m[K/home/joaquin/catkin_ws/src/second/src/node0.cpp:220:1:[m[K [01;31m[Kerror: [m[K‘[01m[Kvel_msg[m[K’ does not name a type
 vel_msg.linear.twist.x = 0;
[01;32m[K ^[m[K
[01m[K/home/joaquin/catkin_ws/src/second/src/node0.cpp:221:1:[m[K [01;31m[Kerror: [m[K‘[01m[Kvel_msg[m[K’ does not name a type
 vel_msg.linear.twist.y = 0;
[01;32m[K ^[m[K
[01m[K/home/joaquin/catkin_ws/src/second/src/node0.cpp:222:1:[m[K [01;31m[Kerror: [m[K‘[01m[Kvel_msg[m[K’ does not name a type
 vel_msg.linear.twist.z = 0;
[01;32m[K ^[m[K
[01m[K/home/joaquin/catkin_ws/src/second/src/node0.cpp:231:34:[m[K [01;31m[Kerror: [m[K‘[01m[KFloat32MultiArray[m[K’ in namespace ‘[01m[Kstd_msgs[m[K’ does not name a type
 void ar_callback(const std_msgs::Float32MultiArray array) {
[01;32m[K                                  ^[m[K
[01m[K/home/joaquin/catkin_ws/src/second/src/node0.cpp:[m[K In function ‘[01m[Kvoid ar_callback(int)[m[K’:
[01m[K/home/joaquin/catkin_ws/src/second/src/node0.cpp:232:14:[m[K [01;31m[Kerror: [m[Kbase operand of ‘[01m[K->[m[K’ is not a pointer
     if (array->data.size() != 0) {  // Check if any marker detected.
[01;32m[K              ^[m[K
[01m[K/home/joaquin/catkin_ws/src/second/src/node0.cpp:233:19:[m[K [01;31m[Kerror: [m[Kbase operand of ‘[01m[K->[m[K’ is not a pointer
         if ((array->data)[0] > 0) {
[01;32m[K                   ^[m[K
[01m[K/home/joaquin/catkin_ws/src/second/src/node0.cpp:235:25:[m[K [01;31m[Kerror: [m[Kbase operand of ‘[01m[K->[m[K’ is not a pointer
         } else if (array->data[0] < 0) {
[01;32m[K                         ^[m[K
[01m[K/home/joaquin/catkin_ws/src/second/src/node0.cpp:[m[K In function ‘[01m[Kint main(int, char**)[m[K’:
[01m[K/home/joaquin/catkin_ws/src/second/src/node0.cpp:255:44:[m[K [01;31m[Kerror: [m[K‘[01m[KFloat32MultiArray[m[K’ is not a member of ‘[01m[Kstd_msgs[m[K’
     ros::Subscriber arr_sub = nh.subscribe<std_msgs::Float32MultiArray>("array", 10, ar_callback);
[01;32m[K                                            ^[m[K
[01m[K/home/joaquin/catkin_ws/src/second/src/node0.cpp:255:44:[m[K [01;31m[Kerror: [m[K‘[01m[KFloat32MultiArray[m[K’ is not a member of ‘[01m[Kstd_msgs[m[K’
[01m[K/home/joaquin/catkin_ws/src/second/src/node0.cpp:255:97:[m[K [01;31m[Kerror: [m[Kno matching function for call to ‘[01m[Kros::NodeHandle::subscribe(const char [6], int, void (&)(int))[m[K’
     ros::Subscriber arr_sub = nh.subscribe<std_msgs::Float32MultiArray>("array", 10, ar_callback);
[01;32m[K                                                                                                 ^[m[K
In file included from [01m[K/opt/ros/kinetic/include/ros/ros.h:45:0[m[K,
                 from [01m[K/home/joaquin/catkin_ws/src/second/src/node0.cpp:207[m[K:
[01m[K/opt/ros/kinetic/include/ros/node_handle.h:401:14:[m[K [01;36m[Knote: [m[Kcandidate: template<class M, class T> ros::Subscriber ros::NodeHandle::subscribe(const string&, uint32_t, void (T::*)(M), T*, const ros::TransportHints&)
   Subscriber subscribe(const std::string& topic, uint32_t queue_size, void(T::*fp)(M), T* obj, 
[01;32m[K              ^[m[K
[01m[K/opt/ros/kinetic/include/ros/node_handle.h:401:14:[m[K [01;36m[Knote: [m[K  template argument deduction/substitution failed:
[01m[K/home/joaquin/catkin_ws/src/second/src/node0.cpp:255:97:[m[K [01;31m[Kerror: [m[Ktemplate argument 1 is invalid
     ros::Subscriber arr_sub = nh.subscribe<std_msgs::Float32MultiArray>("array", 10, ar_callback);
[01;32m[K                                                                                                 ^[m[K
In file included from [01m[K/opt/ros/kinetic/include/ros/ros.h:45:0[m[K,
                 from [01m[K/home/joaquin/catkin_ws/src/second/src/node0.cpp:207[m[K:
[01m[K/opt/ros/kinetic/include/ros/node_handle.h:412:14:[m[K [01;36m[Knote: [m[Kcandidate: template<class M, class T> ros::Subscriber ros::NodeHandle::subscribe(const string&, uint32_t, void (T::*)(M) const, T*, const ros::TransportHints&)
   Subscriber subscribe(const std::string& topic, uint32_t queue_size, void(T::*fp)(M) const, T* obj, 
[01;32m[K              ^[m[K
[01m[K/opt/ros/kinetic/include/ros/node_handle.h:412:14:[m[K [01;36m[Knote: [m[K  template argument deduction/substitution failed:
[01m[K/home/joaquin/catkin_ws/src/second/src/node0.cpp:255:97:[m[K [01;31m[Kerror: [m[Ktemplate argument 1 is invalid
     ros::Subscriber arr_sub = nh.subscribe<std_msgs::Float32MultiArray>("array", 10, ar_callback);
[01;32m[K                                                                                                 ^[m[K
In file included from [01m[K/opt/ros/kinetic/include/ros/ros.h:45:0[m[K,
                 from [01m[K/home/joaquin/catkin_ws/src/second/src/node0.cpp:207[m[K:
[01m[K/opt/ros/kinetic/include/ros/node_handle.h:464:14:[m[K [01;36m[Knote: [m[Kcandidate: template<class M, class T> ros::Subscriber ros::NodeHandle::subscribe(const string&, uint32_t, void (T::*)(const boost::shared_ptr<const M>&), T*, const ros::TransportHints&)
   Subscriber subscribe(const std::string& topic, uint32_t queue_size, 
[01;32m[K              ^[m[K
[01m[K/opt/ros/kinetic/include/ros/node_handle.h:464:14:[m[K [01;36m[Knote: [m[K  template argument deduction/substitution failed:
[01m[K/home/joaquin/catkin_ws/src/second/src/node0.cpp:255:97:[m[K [01;31m[Kerror: [m[Ktemplate argument 1 is invalid
     ros::Subscriber arr_sub = nh.subscribe<std_msgs::Float32MultiArray>("array", 10, ar_callback);
[01;32m[K                                                                                                 ^[m[K
In file included from [01m[K/opt/ros/kinetic/include/ros/ros.h:45:0[m[K,
                 from [01m[K/home/joaquin/catkin_ws/src/second/src/node0.cpp:207[m[K:
[01m[K/opt/ros/kinetic/include/ros/node_handle.h:474:14:[m[K [01;36m[Knote: [m[Kcandidate: template<class M, class T> ros::Subscriber ros::NodeHandle::subscribe(const string&, uint32_t, void (T::*)(const boost::shared_ptr<const M>&) const, T*, const ros::TransportHints&)
   Subscriber subscribe(const std::string& topic, uint32_t queue_size, 
[01;32m[K              ^[m[K
[01m[K/opt/ros/kinetic/include/ros/node_handle.h:474:14:[m[K [01;36m[Knote: [m[K  template argument deduction/substitution failed:
[01m[K/home/joaquin/catkin_ws/src/second/src/node0.cpp:255:97:[m[K [01;31m[Kerror: [m[Ktemplate argument 1 is invalid
     ros::Subscriber arr_sub = nh.subscribe<std_msgs::Float32MultiArray>("array", 10, ar_callback);
[01;32m[K                                                                                                 ^[m[K
In file included from [01m[K/opt/ros/kinetic/include/ros/ros.h:45:0[m[K,
                 from [01m[K/home/joaquin/catkin_ws/src/second/src/node0.cpp:207[m[K:
[01m[K/opt/ros/kinetic/include/ros/node_handle.h:528:14:[m[K [01;36m[Knote: [m[Kcandidate: template<class M, class T> ros::Subscriber ros::NodeHandle::subscribe(const string&, uint32_t, void (T::*)(M), const boost::shared_ptr<U>&, const ros::TransportHints&)
   Subscriber subscribe(const std::string& topic, uint32_t queue_size, void(T::*fp)(M), 
[01;32m[K              ^[m[K
[01m[K/opt/ros/kinetic/include/ros/node_handle.h:528:14:[m[K [01;36m[Knote: [m[K  template argument deduction/substitution failed:
[01m[K/home/joaquin/catkin_ws/src/second/src/node0.cpp:255:97:[m[K [01;31m[Kerror: [m[Ktemplate argument 1 is invalid
     ros::Subscriber arr_sub = nh.subscribe<std_msgs::Float32MultiArray>("array", 10, ar_callback);
[01;32m[K                                                                                                 ^[m[K
In file included from [01m[K/opt/ros/kinetic/include/ros/ros.h:45:0[m[K,
                 from [01m[K/home/joaquin/catkin_ws/src/second/src/node0.cpp:207[m[K:
[01m[K/opt/ros/kinetic/include/ros/node_handle.h:539:14:[m[K [01;36m[Knote: [m[Kcandidate: template<class M, class T> ros::Subscriber ros::NodeHandle::subscribe(const string&, uint32_t, void (T::*)(M) const, const boost::shared_ptr<U>&, const ros::TransportHints&)
   Subscriber subscribe(const std::string& topic, uint32_t queue_size, void(T::*fp)(M) const, 
[01;32m[K              ^[m[K
[01m[K/opt/ros/kinetic/include/ros/node_handle.h:539:14:[m[K [01;36m[Knote: [m[K  template argument deduction/substitution failed:
[01m[K/home/joaquin/catkin_ws/src/second/src/node0.cpp:255:97:[m[K [01;31m[Kerror: [m[Ktemplate argument 1 is invalid
     ros::Subscriber arr_sub = nh.subscribe<std_msgs::Float32MultiArray>("array", 10, ar_callback);
[01;32m[K                                                                                                 ^[m[K
In file included from [01m[K/opt/ros/kinetic/include/ros/ros.h:45:0[m[K,
                 from [01m[K/home/joaquin/catkin_ws/src/second/src/node0.cpp:207[m[K:
[01m[K/opt/ros/kinetic/include/ros/node_handle.h:593:14:[m[K [01;36m[Knote: [m[Kcandidate: template<class M, class T> ros::Subscriber ros::NodeHandle::subscribe(const string&, uint32_t, void (T::*)(const boost::shared_ptr<const M>&), const boost::shared_ptr<U>&, const ros::TransportHints&)
   Subscriber subscribe(const std::string& topic, uint32_t queue_size, 
[01;32m[K              ^[m[K
[01m[K/opt/ros/kinetic/include/ros/node_handle.h:593:14:[m[K [01;36m[Knote: [m[K  template argument deduction/substitution failed:
[01m[K/home/joaquin/catkin_ws/src/second/src/node0.cpp:255:97:[m[K [01;31m[Kerror: [m[Ktemplate argument 1 is invalid
     ros::Subscriber arr_sub = nh.subscribe<std_msgs::Float32MultiArray>("array", 10, ar_callback);
[01;32m[K                                                                                                 ^[m[K
In file included from [01m[K/opt/ros/kinetic/include/ros/ros.h:45:0[m[K,
                 from [01m[K/home/joaquin/catkin_ws/src/second/src/node0.cpp:207[m[K:
[01m[K/opt/ros/kinetic/include/ros/node_handle.h:604:14:[m[K [01;36m[Knote: [m[Kcandidate: template<class M, class T> ros::Subscriber ros::NodeHandle::subscribe(const string&, uint32_t, void (T::*)(const boost::shared_ptr<const M>&) const, const boost::shared_ptr<U>&, const ros::TransportHints&)
   Subscriber subscribe(const std::string& topic, uint32_t queue_size, 
[01;32m[K              ^[m[K
[01m[K/opt/ros/kinetic/include/ros/node_handle.h:604:14:[m[K [01;36m[Knote: [m[K  template argument deduction/substitution failed:
[01m[K/home/joaquin/catkin_ws/src/second/src/node0.cpp:255:97:[m[K [01;31m[Kerror: [m[Ktemplate argument 1 is invalid
     ros::Subscriber arr_sub = nh.subscribe<std_msgs::Float32MultiArray>("array", 10, ar_callback);
[01;32m[K                                                                                                 ^[m[K
In file included from [01m[K/opt/ros/kinetic/include/ros/ros.h:45:0[m[K,
                 from [01m[K/home/joaquin/catkin_ws/src/second/src/node0.cpp:207[m[K:
[01m[K/opt/ros/kinetic/include/ros/node_handle.h:655:14:[m[K [01;36m[Knote: [m[Kcandidate: template<class M> ros::Subscriber ros::NodeHandle::subscribe(const string&, uint32_t, void (*)(M), const ros::TransportHints&)
   Subscriber subscribe(const std::string& topic, uint32_t queue_size, void(*fp)(M), const TransportHints& transport_hints = TransportHints())
[01;32m[K              ^[m[K
[01m[K/opt/ros/kinetic/include/ros/node_handle.h:655:14:[m[K [01;36m[Knote: [m[K  template argument deduction/substitution failed:
[01m[K/home/joaquin/catkin_ws/src/second/src/node0.cpp:255:97:[m[K [01;31m[Kerror: [m[Ktemplate argument 1 is invalid
     ros::Subscriber arr_sub = nh.subscribe<std_msgs::Float32MultiArray>("array", 10, ar_callback);
[01;32m[K                                                                                                 ^[m[K
In file included from [01m[K/opt/ros/kinetic/include/ros/ros.h:45:0[m[K,
                 from [01m[K/home/joaquin/catkin_ws/src/second/src/node0.cpp:207[m[K:
[01m[K/opt/ros/kinetic/include/ros/node_handle.h:703:14:[m[K [01;36m[Knote: [m[Kcandidate: template<class M> ros::Subscriber ros::NodeHandle::subscribe(const string&, uint32_t, void (*)(const boost::shared_ptr<const M>&), const ros::TransportHints&)
   Subscriber subscribe(const std::string& topic, uint32_t queue_size, void(*fp)(const boost::shared_ptr<M const>&), const TransportHints& transport_hints = TransportHints())
[01;32m[K              ^[m[K
[01m[K/opt/ros/kinetic/include/ros/node_handle.h:703:14:[m[K [01;36m[Knote: [m[K  template argument deduction/substitution failed:
[01m[K/home/joaquin/catkin_ws/src/second/src/node0.cpp:255:97:[m[K [01;31m[Kerror: [m[Ktemplate argument 1 is invalid
     ros::Subscriber arr_sub = nh.subscribe<std_msgs::Float32MultiArray>("array", 10, ar_callback);
[01;32m[K                                                                                                 ^[m[K
In file included from [01m[K/opt/ros/kinetic/include/ros/ros.h:45:0[m[K,
                 from [01m[K/home/joaquin/catkin_ws/src/second/src/node0.cpp:207[m[K:
[01m[K/opt/ros/kinetic/include/ros/node_handle.h:749:14:[m[K [01;36m[Knote: [m[Kcandidate: template<class M> ros::Subscriber ros::NodeHandle::subscribe(const string&, uint32_t, const boost::function<void(const boost::shared_ptr<const M>&)>&, const VoidConstPtr&, const ros::TransportHints&)
   Subscriber subscribe(const std::string& topic, uint32_t queue_size, const boost::function<void (const boost::shared_ptr<M const>&)>& callback,
[01;32m[K              ^[m[K
[01m[K/opt/ros/kinetic/include/ros/node_handle.h:749:14:[m[K [01;36m[Knote: [m[K  template argument deduction/substitution failed:
[01m[K/home/joaquin/catkin_ws/src/second/src/node0.cpp:255:97:[m[K [01;31m[Kerror: [m[Ktemplate argument 1 is invalid
     ros::Subscriber arr_sub = nh.subscribe<std_msgs::Float32MultiArray>("array", 10, ar_callback);
[01;32m[K                                                                                                 ^[m[K
In file included from [01m[K/opt/ros/kinetic/include/ros/ros.h:45:0[m[K,
                 from [01m[K/home/joaquin/catkin_ws/src/second/src/node0.cpp:207[m[K:
[01m[K/opt/ros/kinetic/include/ros/node_handle.h:798:14:[m[K [01;36m[Knote: [m[Kcandidate: template<class M, class C> ros::Subscriber ros::NodeHandle::subscribe(const string&, uint32_t, const boost::function<void(C)>&, const VoidConstPtr&, const ros::TransportHints&)
   Subscriber subscribe(const std::string& topic, uint32_t queue_size, const boost::function<void (C)>& callback,
[01;32m[K              ^[m[K
[01m[K/opt/ros/kinetic/include/ros/node_handle.h:798:14:[m[K [01;36m[Knote: [m[K  template argument deduction/substitution failed:
[01m[K/home/joaquin/catkin_ws/src/second/src/node0.cpp:255:97:[m[K [01;31m[Kerror: [m[Ktemplate argument 1 is invalid
     ros::Subscriber arr_sub = nh.subscribe<std_msgs::Float32MultiArray>("array", 10, ar_callback);
[01;32m[K                                                                                                 ^[m[K
make[2]: *** [CMakeFiles/node0.dir/src/node0.cpp.o] Error 1
make[1]: *** [CMakeFiles/node0.dir/all] Error 2
make: *** [all] Error 2
