[  0%] Built target std_msgs_generate_messages_lisp
[  0%] Built target rosgraph_msgs_generate_messages_lisp
[  0%] Built target rosgraph_msgs_generate_messages_py
[  0%] Built target rosgraph_msgs_generate_messages_eus
[  0%] Built target roscpp_generate_messages_eus
[  0%] Built target std_msgs_generate_messages_eus
[  0%] Built target roscpp_generate_messages_lisp
[  0%] Built target geometry_msgs_generate_messages_nodejs
[  0%] Built target rosgraph_msgs_generate_messages_cpp
[  0%] Built target geometry_msgs_generate_messages_lisp
[  0%] Built target roscpp_generate_messages_cpp
[  0%] Built target sensor_msgs_generate_messages_nodejs
[  0%] Built target std_msgs_generate_messages_nodejs
[  0%] Built target geometry_msgs_generate_messages_py
[  0%] Built target sensor_msgs_generate_messages_cpp
[  0%] Built target rosgraph_msgs_generate_messages_nodejs
[  0%] Built target std_msgs_generate_messages_cpp
[  0%] Built target sensor_msgs_generate_messages_eus
[  0%] Built target sensor_msgs_generate_messages_lisp
[  0%] Built target sensor_msgs_generate_messages_py
[  0%] Built target roscpp_generate_messages_nodejs
[  0%] Built target std_msgs_generate_messages_py
[  0%] Built target geometry_msgs_generate_messages_eus
[  0%] Built target roscpp_generate_messages_py
[  0%] Built target geometry_msgs_generate_messages_cpp
[35m[1mScanning dependencies of target node0[0m
[ 10%] Built target mavros1
[ 15%] [32mBuilding CXX object CMakeFiles/node0.dir/src/node0.cpp.o[0m
[ 35%] Built target controller
[ 35%] Built target cv_node
[ 45%] Built target cv_node2
[ 55%] Built target cv_node3
[ 65%] Built target image_converter3
[ 75%] Built target image_aruco_test
[ 85%] Built target test_control
[ 95%] Built target velocity_test
[100%] [32m[1mLinking CXX executable /home/joaquin/catkin_ws/devel/.private/second/lib/second/node0[0m
[100%] Built target node0
