[01m[K/home/joaquin/catkin_ws/src/second/src/cv_node3.cpp:[m[K In function ‘[01m[Kint main()[m[K’:
[01m[K/home/joaquin/catkin_ws/src/second/src/cv_node3.cpp:17:35:[m[K [01;35m[Kwarning: [m[Kextended initializer lists only available with -std=c++11 or -std=gnu++11
  test = {{0,0,0}, {1,1,1}, {2,2,2}};
[01;32m[K                                   ^[m[K
[01m[K/home/joaquin/catkin_ws/src/second/src/cv_node3.cpp:17:7:[m[K [01;35m[Kwarning: [m[Kextended initializer lists only available with -std=c++11 or -std=gnu++11
  test = {{0,0,0}, {1,1,1}, {2,2,2}};
[01;32m[K       ^[m[K
/home/joaquin/catkin_ws/src/second/src/cv_node3.cpp: In substitution of ‘[01m[Ktemplate<class _InputIterator> std::vector<_Tp, _Alloc>::vector(_InputIterator, _InputIterator, const allocator_type&) [with _InputIterator = <missing>][m[K’:
[01m[K/home/joaquin/catkin_ws/src/second/src/cv_node3.cpp:17:7:[m[K   required from here
[01m[K/home/joaquin/catkin_ws/src/second/src/cv_node3.cpp:17:7:[m[K [01;35m[Kwarning: [m[Kextended initializer lists only available with -std=c++11 or -std=gnu++11
/home/joaquin/catkin_ws/src/second/src/cv_node3.cpp: In substitution of ‘[01m[Ktemplate<class _InputIterator> std::vector<_Tp, _Alloc>::vector(_InputIterator, _InputIterator, const allocator_type&) [with _InputIterator = <missing>][m[K’:
[01m[K/home/joaquin/catkin_ws/src/second/src/cv_node3.cpp:17:7:[m[K   required from here
[01m[K/home/joaquin/catkin_ws/src/second/src/cv_node3.cpp:17:7:[m[K [01;35m[Kwarning: [m[Kextended initializer lists only available with -std=c++11 or -std=gnu++11
[01m[K/home/joaquin/catkin_ws/src/second/src/cv_node3.cpp:17:7:[m[K [01;31m[Kerror: [m[Kno match for ‘[01m[Koperator=[m[K’ (operand types are ‘[01m[Kstd::vector<cv::Vec<double, 3> >[m[K’ and ‘[01m[K<brace-enclosed initializer list>[m[K’)
In file included from [01m[K/usr/include/c++/5/vector:69:0[m[K,
                 from [01m[K/opt/ros/kinetic/include/opencv-3.2.0-dev/opencv2/core/types.hpp:53[m[K,
                 from [01m[K/opt/ros/kinetic/include/opencv-3.2.0-dev/opencv2/core.hpp:58[m[K,
                 from [01m[K/opt/ros/kinetic/include/opencv-3.2.0-dev/opencv2/opencv.hpp:52[m[K,
                 from [01m[K/home/joaquin/catkin_ws/src/second/src/cv_node3.cpp:3[m[K:
[01m[K/usr/include/c++/5/bits/vector.tcc:167:5:[m[K [01;36m[Knote: [m[Kcandidate: std::vector<_Tp, _Alloc>& std::vector<_Tp, _Alloc>::operator=(const std::vector<_Tp, _Alloc>&) [with _Tp = cv::Vec<double, 3>; _Alloc = std::allocator<cv::Vec<double, 3> >]
     vector<_Tp, _Alloc>::
[01;32m[K     ^[m[K
[01m[K/usr/include/c++/5/bits/vector.tcc:167:5:[m[K [01;36m[Knote: [m[K  no known conversion for argument 1 from ‘[01m[K<brace-enclosed initializer list>[m[K’ to ‘[01m[Kconst std::vector<cv::Vec<double, 3> >&[m[K’
make[2]: *** [CMakeFiles/cv_node3.dir/src/cv_node3.cpp.o] Error 1
make[1]: *** [CMakeFiles/cv_node3.dir/all] Error 2
make: *** [all] Error 2
