[  0%] Built target dynamic_reconfigure_generate_messages_eus
[  0%] Built target roscpp_generate_messages_py
[  0%] Built target dynamic_reconfigure_gencfg
[  0%] Built target dynamic_reconfigure_generate_messages_py
[  0%] Built target rosgraph_msgs_generate_messages_eus
[  0%] Built target std_msgs_generate_messages_lisp
[  0%] Built target roscpp_generate_messages_cpp
[  0%] Built target std_msgs_generate_messages_nodejs
[  0%] Built target std_msgs_generate_messages_cpp
[  0%] Built target roscpp_generate_messages_nodejs
[  0%] Built target rosgraph_msgs_generate_messages_nodejs
[  0%] Built target rosgraph_msgs_generate_messages_cpp
[  0%] Built target rosgraph_msgs_generate_messages_lisp
[  0%] Built target rosgraph_msgs_generate_messages_py
[  8%] Built target pid_gencfg
[  8%] Built target dynamic_reconfigure_generate_messages_nodejs
[  8%] Built target dynamic_reconfigure_generate_messages_lisp
[  8%] Built target std_msgs_generate_messages_py
[  8%] Built target roscpp_generate_messages_lisp
[  8%] Built target std_msgs_generate_messages_eus
[  8%] Built target roscpp_generate_messages_eus
[  8%] Built target dynamic_reconfigure_generate_messages_cpp
[ 41%] Built target autotune
[ 50%] Built target controller
[ 66%] Built target sim_time
[ 83%] Built target setpoint_node
[100%] Built target plant_sim
