[35m[1mScanning dependencies of target mavros[0m
[  2%] [32mBuilding CXX object CMakeFiles/mavros.dir/src/lib/uas_data.cpp.o[0m
[  4%] [32mBuilding CXX object CMakeFiles/mavros.dir/src/lib/enum_to_string.cpp.o[0m
[  7%] [32mBuilding CXX object CMakeFiles/mavros.dir/src/lib/uas_stringify.cpp.o[0m
[  9%] [32mBuilding CXX object CMakeFiles/mavros.dir/src/lib/uas_timesync.cpp.o[0m
[ 12%] [32mBuilding CXX object CMakeFiles/mavros.dir/src/lib/enum_sensor_orientation.cpp.o[0m
[ 14%] [32mBuilding CXX object CMakeFiles/mavros.dir/src/lib/ftf_frame_conversions.cpp.o[0m
[ 17%] [32mBuilding CXX object CMakeFiles/mavros.dir/src/lib/ftf_quaternion_utils.cpp.o[0m
[ 19%] [32mBuilding CXX object CMakeFiles/mavros.dir/src/lib/mavros.cpp.o[0m
[ 21%] [32mBuilding CXX object CMakeFiles/mavros.dir/src/lib/mavlink_diag.cpp.o[0m
[ 24%] [32mBuilding CXX object CMakeFiles/mavros.dir/src/lib/rosconsole_bridge.cpp.o[0m
[ 26%] [32m[1mLinking CXX shared library /home/joaquin/catkin_ws/devel/.private/mavros/lib/libmavros.so[0m
[ 26%] Built target mavros
[35m[1mScanning dependencies of target mavros_node[0m
[35m[1mScanning dependencies of target gcs_bridge[0m
[35m[1mScanning dependencies of target mavros_plugins[0m
[ 29%] [32mBuilding CXX object CMakeFiles/mavros_node.dir/src/mavros_node.cpp.o[0m
[ 31%] [32mBuilding CXX object CMakeFiles/gcs_bridge.dir/src/gcs_bridge.cpp.o[0m
[ 34%] [32mBuilding CXX object CMakeFiles/mavros_plugins.dir/src/plugins/dummy.cpp.o[0m
[ 36%] [32mBuilding CXX object CMakeFiles/mavros_plugins.dir/src/plugins/sys_status.cpp.o[0m
[ 39%] [32m[1mLinking CXX executable /home/joaquin/catkin_ws/devel/.private/mavros/lib/mavros/gcs_bridge[0m
[ 39%] Built target gcs_bridge
[ 41%] [32mBuilding CXX object CMakeFiles/mavros_plugins.dir/src/plugins/sys_time.cpp.o[0m
[ 43%] [32mBuilding CXX object CMakeFiles/mavros_plugins.dir/src/plugins/imu.cpp.o[0m
[ 46%] [32m[1mLinking CXX executable /home/joaquin/catkin_ws/devel/.private/mavros/lib/mavros/mavros_node[0m
[ 46%] Built target mavros_node
[ 48%] [32mBuilding CXX object CMakeFiles/mavros_plugins.dir/src/plugins/param.cpp.o[0m
[ 51%] [32mBuilding CXX object CMakeFiles/mavros_plugins.dir/src/plugins/waypoint.cpp.o[0m
[ 53%] [32mBuilding CXX object CMakeFiles/mavros_plugins.dir/src/plugins/rc_io.cpp.o[0m
[ 56%] [32mBuilding CXX object CMakeFiles/mavros_plugins.dir/src/plugins/command.cpp.o[0m
[ 58%] [32mBuilding CXX object CMakeFiles/mavros_plugins.dir/src/plugins/local_position.cpp.o[0m
[ 60%] [32mBuilding CXX object CMakeFiles/mavros_plugins.dir/src/plugins/global_position.cpp.o[0m
[ 63%] [32mBuilding CXX object CMakeFiles/mavros_plugins.dir/src/plugins/setpoint_position.cpp.o[0m
[ 65%] [32mBuilding CXX object CMakeFiles/mavros_plugins.dir/src/plugins/safety_area.cpp.o[0m
[ 68%] [32mBuilding CXX object CMakeFiles/mavros_plugins.dir/src/plugins/3dr_radio.cpp.o[0m
[ 70%] [32mBuilding CXX object CMakeFiles/mavros_plugins.dir/src/plugins/setpoint_velocity.cpp.o[0m
[ 73%] [32mBuilding CXX object CMakeFiles/mavros_plugins.dir/src/plugins/setpoint_accel.cpp.o[0m
[ 75%] [32mBuilding CXX object CMakeFiles/mavros_plugins.dir/src/plugins/setpoint_attitude.cpp.o[0m
[ 78%] [32mBuilding CXX object CMakeFiles/mavros_plugins.dir/src/plugins/setpoint_raw.cpp.o[0m
[ 80%] [32mBuilding CXX object CMakeFiles/mavros_plugins.dir/src/plugins/vfr_hud.cpp.o[0m
[ 82%] [32mBuilding CXX object CMakeFiles/mavros_plugins.dir/src/plugins/ftp.cpp.o[0m
[ 85%] [32mBuilding CXX object CMakeFiles/mavros_plugins.dir/src/plugins/actuator_control.cpp.o[0m
[ 87%] [32mBuilding CXX object CMakeFiles/mavros_plugins.dir/src/plugins/manual_control.cpp.o[0m
[ 90%] [32mBuilding CXX object CMakeFiles/mavros_plugins.dir/src/plugins/altitude.cpp.o[0m
[ 92%] [32mBuilding CXX object CMakeFiles/mavros_plugins.dir/src/plugins/hil.cpp.o[0m
[ 95%] [32mBuilding CXX object CMakeFiles/mavros_plugins.dir/src/plugins/home_position.cpp.o[0m
[ 97%] [32mBuilding CXX object CMakeFiles/mavros_plugins.dir/src/plugins/wind_estimation.cpp.o[0m
[100%] [32m[1mLinking CXX shared library /home/joaquin/catkin_ws/devel/.private/mavros/lib/libmavros_plugins.so[0m
[100%] Built target mavros_plugins
