[36m--[0m Using CATKIN_DEVEL_PREFIX: /home/joaquin/catkin_ws/devel/.private/first
[36m--[0m Using CMAKE_PREFIX_PATH: /home/joaquin/catkin_ws/devel;/opt/ros/kinetic
[36m--[0m This workspace overlays: /home/joaquin/catkin_ws/devel;/opt/ros/kinetic
[36m--[0m Using PYTHON_EXECUTABLE: /usr/bin/python
[36m--[0m Using Debian Python package layout
[36m--[0m Using empy: /usr/bin/empy
[36m--[0m Using CATKIN_ENABLE_TESTING: ON
[36m--[0m Call enable_testing()
[36m--[0m Using CATKIN_TEST_RESULTS_DIR: /home/joaquin/catkin_ws/build/first/test_results
[36m--[0m Found gtest sources under '/usr/src/gtest': gtests will be built
[36m--[0m Using Python nosetests: /usr/bin/nosetests-2.7
[36m--[0m catkin 0.7.6
[31m[1mCMake Error[0m at /home/joaquin/catkin_ws/devel/share/mavros/cmake/mavrosConfig.cmake:106 (message):
  Project 'mavros' specifies
  '/home/joaquin/catkin_ws/src/mavros/mavros/include' as an include dir,
  which is not found.  It does neither exist as an absolute directory nor in
  '/home/joaquin/catkin_ws/src/mavros/mavros//home/joaquin/catkin_ws/src/mavros/mavros/include'.
  Ask the maintainer 'Vladimir Ermakov <vooon341@@gmail.com>' to fix it.
[36mCall Stack (most recent call first):[0m
  /opt/ros/kinetic/share/catkin/cmake/catkinConfig.cmake:76 (find_package)
  CMakeLists.txt:10 (find_package)


[36m--[0m Configuring incomplete, errors occurred!
See also "/home/joaquin/catkin_ws/build/first/CMakeFiles/CMakeOutput.log".
See also "/home/joaquin/catkin_ws/build/first/CMakeFiles/CMakeError.log".
Makefile:658: recipe for target 'cmake_check_build_system' failed
make: *** [cmake_check_build_system] Error 1
