Not searching for unused variables given on the command line.
[36m--[0m Found PythonInterp: /usr/bin/python (found suitable version "2.7.12", minimum required is "2")
[36m--[0m Package version: 2018.6.6
[36m--[0m processing v1.0: /home/joaquin/catkin_ws/src/mavlink/message_definitions/v1.0/ASLUAV.xml
[36m--[0m processing v1.0: /home/joaquin/catkin_ws/src/mavlink/message_definitions/v1.0/ardupilotmega.xml
[36m--[0m processing v1.0: /home/joaquin/catkin_ws/src/mavlink/message_definitions/v1.0/autoquad.xml
[36m--[0m processing v1.0: /home/joaquin/catkin_ws/src/mavlink/message_definitions/v1.0/common.xml
[36m--[0m processing v1.0: /home/joaquin/catkin_ws/src/mavlink/message_definitions/v1.0/icarous.xml
[36m--[0m processing v1.0: /home/joaquin/catkin_ws/src/mavlink/message_definitions/v1.0/matrixpilot.xml
[36m--[0m processing v1.0: /home/joaquin/catkin_ws/src/mavlink/message_definitions/v1.0/paparazzi.xml
[36m--[0m processing v1.0: /home/joaquin/catkin_ws/src/mavlink/message_definitions/v1.0/slugs.xml
[36m--[0m processing v1.0: /home/joaquin/catkin_ws/src/mavlink/message_definitions/v1.0/standard.xml
[36m--[0m processing v1.0: /home/joaquin/catkin_ws/src/mavlink/message_definitions/v1.0/uAvionix.xml
[36m--[0m processing v1.0: /home/joaquin/catkin_ws/src/mavlink/message_definitions/v1.0/ualberta.xml
[36m--[0m processing v2.0: /home/joaquin/catkin_ws/src/mavlink/message_definitions/v1.0/ASLUAV.xml
[36m--[0m processing v2.0: /home/joaquin/catkin_ws/src/mavlink/message_definitions/v1.0/ardupilotmega.xml
[36m--[0m processing v2.0: /home/joaquin/catkin_ws/src/mavlink/message_definitions/v1.0/autoquad.xml
[36m--[0m processing v2.0: /home/joaquin/catkin_ws/src/mavlink/message_definitions/v1.0/common.xml
[36m--[0m processing v2.0: /home/joaquin/catkin_ws/src/mavlink/message_definitions/v1.0/icarous.xml
[36m--[0m processing v2.0: /home/joaquin/catkin_ws/src/mavlink/message_definitions/v1.0/matrixpilot.xml
[36m--[0m processing v2.0: /home/joaquin/catkin_ws/src/mavlink/message_definitions/v1.0/paparazzi.xml
[36m--[0m processing v2.0: /home/joaquin/catkin_ws/src/mavlink/message_definitions/v1.0/slugs.xml
[36m--[0m processing v2.0: /home/joaquin/catkin_ws/src/mavlink/message_definitions/v1.0/standard.xml
[36m--[0m processing v2.0: /home/joaquin/catkin_ws/src/mavlink/message_definitions/v1.0/uAvionix.xml
[36m--[0m processing v2.0: /home/joaquin/catkin_ws/src/mavlink/message_definitions/v1.0/ualberta.xml
[36m--[0m Configuring done
[36m--[0m Generating done
[36m--[0m Build files have been written to: /home/joaquin/catkin_ws/build/mavlink
